[17-Feb-2025 18:51:57 UTC] PHP Warning:  Undefined variable $img in C:\xampp\htdocs\higorteste\wp-content\themes\temateste\page-other.php on line 19
[17-Feb-2025 18:52:00 UTC] PHP Warning:  Undefined variable $img in C:\xampp\htdocs\higorteste\wp-content\themes\temateste\page-other.php on line 19
[17-Feb-2025 18:52:06 UTC] handle_redirect foi executado
[17-Feb-2025 18:52:07 UTC] PHP Warning:  Undefined variable $img in C:\xampp\htdocs\higorteste\wp-content\themes\temateste\page-other.php on line 19
[17-Feb-2025 19:04:49 UTC] PHP Warning:  Undefined variable $img in C:\xampp\htdocs\higorteste\wp-content\themes\temateste\page-other.php on line 19
[17-Feb-2025 19:04:52 UTC] PHP Warning:  Undefined variable $img in C:\xampp\htdocs\higorteste\wp-content\themes\temateste\page-other.php on line 19
[17-Feb-2025 19:04:57 UTC] Valor atual de redirect_errors: 0
[17-Feb-2025 19:04:57 UTC] Opção redirect_errors criada com valor 1.
[17-Feb-2025 19:05:39 UTC] Valor atual de redirect_errors: 0
[17-Feb-2025 19:05:39 UTC] Opção redirect_errors criada com valor 1.
[17-Feb-2025 19:05:47 UTC] Valor atual de redirect_errors: 0
[17-Feb-2025 19:05:47 UTC] Opção redirect_errors criada com valor 1.
[17-Feb-2025 19:06:26 UTC] Valor atual de redirect_errors: 0
[17-Feb-2025 19:06:26 UTC] Opção redirect_errors criada com valor 1.
[17-Feb-2025 19:06:28 UTC] PHP Warning:  Undefined variable $img in C:\xampp\htdocs\higorteste\wp-content\themes\temateste\page-other.php on line 19
[17-Feb-2025 19:06:31 UTC] Valor atual de redirect_errors: 0
[17-Feb-2025 19:06:31 UTC] Opção redirect_errors criada com valor 1.
[17-Feb-2025 19:06:32 UTC] PHP Warning:  Undefined variable $img in C:\xampp\htdocs\higorteste\wp-content\themes\temateste\page-other.php on line 19
[17-Feb-2025 19:06:40 UTC] Valor atual de redirect_errors: 0
[17-Feb-2025 19:06:40 UTC] Opção redirect_errors criada com valor 1.
[17-Feb-2025 19:06:41 UTC] PHP Warning:  Undefined variable $img in C:\xampp\htdocs\higorteste\wp-content\themes\temateste\page-other.php on line 19
[17-Feb-2025 19:07:07 UTC] PHP Warning:  Undefined variable $img in C:\xampp\htdocs\higorteste\wp-content\themes\temateste\page-other.php on line 19
[17-Feb-2025 19:07:13 UTC] Valor atual de redirect_errors: 0
[17-Feb-2025 19:07:13 UTC] Opção redirect_errors criada com valor 1.
[17-Feb-2025 19:07:14 UTC] PHP Warning:  Undefined variable $img in C:\xampp\htdocs\higorteste\wp-content\themes\temateste\page-other.php on line 19
[17-Feb-2025 19:07:18 UTC] Valor atual de redirect_errors: 0
[17-Feb-2025 19:07:18 UTC] Opção redirect_errors criada com valor 1.
[17-Feb-2025 19:07:19 UTC] PHP Warning:  Undefined variable $img in C:\xampp\htdocs\higorteste\wp-content\themes\temateste\page-other.php on line 19
[17-Feb-2025 19:10:06 UTC] PHP Warning:  Undefined variable $img in C:\xampp\htdocs\higorteste\wp-content\themes\temateste\page-other.php on line 19
[17-Feb-2025 19:10:13 UTC] Valor atual de redirect_errors: 0
[17-Feb-2025 19:10:13 UTC] Opção redirect_errors criada com valor 1.
[17-Feb-2025 19:10:14 UTC] PHP Warning:  Undefined variable $img in C:\xampp\htdocs\higorteste\wp-content\themes\temateste\page-other.php on line 19
[17-Feb-2025 19:10:17 UTC] PHP Warning:  Undefined variable $img in C:\xampp\htdocs\higorteste\wp-content\themes\temateste\page-other.php on line 19
[17-Feb-2025 19:10:22 UTC] Valor atual de redirect_errors: 0
[17-Feb-2025 19:10:22 UTC] Opção redirect_errors criada com valor 1.
[17-Feb-2025 19:10:24 UTC] PHP Warning:  Undefined variable $img in C:\xampp\htdocs\higorteste\wp-content\themes\temateste\page-other.php on line 19
[17-Feb-2025 19:10:51 UTC] PHP Warning:  Undefined variable $img in C:\xampp\htdocs\higorteste\wp-content\themes\temateste\page-other.php on line 19
[17-Feb-2025 19:10:53 UTC] PHP Warning:  Undefined variable $img in C:\xampp\htdocs\higorteste\wp-content\themes\temateste\page-other.php on line 19
[17-Feb-2025 19:11:20 UTC] PHP Warning:  Undefined variable $img in C:\xampp\htdocs\higorteste\wp-content\themes\temateste\page-other.php on line 19
[17-Feb-2025 19:12:14 UTC] PHP Warning:  Undefined variable $img in C:\xampp\htdocs\higorteste\wp-content\themes\temateste\page-other.php on line 19
[17-Feb-2025 19:12:17 UTC] PHP Warning:  Undefined variable $img in C:\xampp\htdocs\higorteste\wp-content\themes\temateste\page-other.php on line 19
[17-Feb-2025 19:12:20 UTC] Valor atual de redirect_errors: 0
[17-Feb-2025 19:12:20 UTC] Opção redirect_errors criada com valor 1.
[17-Feb-2025 19:12:21 UTC] PHP Warning:  Undefined variable $img in C:\xampp\htdocs\higorteste\wp-content\themes\temateste\page-other.php on line 19
[17-Feb-2025 19:12:26 UTC] Valor atual de redirect_errors: 0
[17-Feb-2025 19:12:26 UTC] Opção redirect_errors criada com valor 1.
[17-Feb-2025 19:12:27 UTC] PHP Warning:  Undefined variable $img in C:\xampp\htdocs\higorteste\wp-content\themes\temateste\page-other.php on line 19
[17-Feb-2025 19:13:06 UTC] PHP Warning:  Undefined variable $img in C:\xampp\htdocs\higorteste\wp-content\themes\temateste\page-other.php on line 19
[17-Feb-2025 19:13:57 UTC] PHP Warning:  Undefined variable $img in C:\xampp\htdocs\higorteste\wp-content\themes\temateste\page-other.php on line 19
[17-Feb-2025 19:14:14 UTC] PHP Warning:  Undefined variable $img in C:\xampp\htdocs\higorteste\wp-content\themes\temateste\page-other.php on line 19
[17-Feb-2025 19:18:04 UTC] PHP Warning:  Undefined variable $img in C:\xampp\htdocs\higorteste\wp-content\themes\temateste\page-other.php on line 19
[17-Feb-2025 19:23:42 UTC] Automatic updates starting...
[17-Feb-2025 19:23:42 UTC]   Automatic plugin updates starting...
[17-Feb-2025 19:23:42 UTC]   Automatic plugin updates complete.
[17-Feb-2025 19:23:43 UTC]   Automatic theme updates starting...
[17-Feb-2025 19:23:43 UTC]   Automatic theme updates complete.
[17-Feb-2025 19:23:43 UTC] Automatic updates complete.
[17-Feb-2025 19:24:01 UTC] PHP Warning:  Undefined variable $img in C:\xampp\htdocs\higorteste\wp-content\themes\temateste\page-other.php on line 19
[17-Feb-2025 19:24:01 UTC] PHP Fatal error:  Uncaught Error: Call to undefined function remove_option() in C:\xampp\htdocs\higorteste\wp-content\themes\temateste\page-other.php:21
Stack trace:
#0 C:\xampp\htdocs\higorteste\wp-includes\template-loader.php(106): include()
#1 C:\xampp\htdocs\higorteste\wp-blog-header.php(19): require_once('C:\\xampp\\htdocs...')
#2 C:\xampp\htdocs\higorteste\index.php(17): require('C:\\xampp\\htdocs...')
#3 {main}
  thrown in C:\xampp\htdocs\higorteste\wp-content\themes\temateste\page-other.php on line 21
[17-Feb-2025 19:24:11 UTC] PHP Warning:  Undefined variable $img in C:\xampp\htdocs\higorteste\wp-content\themes\temateste\page-other.php on line 19
[17-Feb-2025 19:24:11 UTC] PHP Fatal error:  Uncaught Error: Call to undefined function remove_option() in C:\xampp\htdocs\higorteste\wp-content\themes\temateste\page-other.php:21
Stack trace:
#0 C:\xampp\htdocs\higorteste\wp-includes\template-loader.php(106): include()
#1 C:\xampp\htdocs\higorteste\wp-blog-header.php(19): require_once('C:\\xampp\\htdocs...')
#2 C:\xampp\htdocs\higorteste\index.php(17): require('C:\\xampp\\htdocs...')
#3 {main}
  thrown in C:\xampp\htdocs\higorteste\wp-content\themes\temateste\page-other.php on line 21
[17-Feb-2025 19:24:52 UTC] PHP Warning:  Undefined variable $img in C:\xampp\htdocs\higorteste\wp-content\themes\temateste\page-other.php on line 19
[17-Feb-2025 19:24:52 UTC] PHP Fatal error:  Uncaught Error: Call to undefined function remove_option() in C:\xampp\htdocs\higorteste\wp-content\themes\temateste\page-other.php:21
Stack trace:
#0 C:\xampp\htdocs\higorteste\wp-includes\template-loader.php(106): include()
#1 C:\xampp\htdocs\higorteste\wp-blog-header.php(19): require_once('C:\\xampp\\htdocs...')
#2 C:\xampp\htdocs\higorteste\index.php(17): require('C:\\xampp\\htdocs...')
#3 {main}
  thrown in C:\xampp\htdocs\higorteste\wp-content\themes\temateste\page-other.php on line 21
[17-Feb-2025 19:25:04 UTC] PHP Warning:  Undefined variable $img in C:\xampp\htdocs\higorteste\wp-content\themes\temateste\page-other.php on line 19
[17-Feb-2025 19:25:04 UTC] PHP Fatal error:  Uncaught Error: Call to undefined function remove_option() in C:\xampp\htdocs\higorteste\wp-content\themes\temateste\page-other.php:21
Stack trace:
#0 C:\xampp\htdocs\higorteste\wp-includes\template-loader.php(106): include()
#1 C:\xampp\htdocs\higorteste\wp-blog-header.php(19): require_once('C:\\xampp\\htdocs...')
#2 C:\xampp\htdocs\higorteste\index.php(17): require('C:\\xampp\\htdocs...')
#3 {main}
  thrown in C:\xampp\htdocs\higorteste\wp-content\themes\temateste\page-other.php on line 21
[17-Feb-2025 19:25:17 UTC] PHP Warning:  Undefined variable $redirect_errors in C:\xampp\htdocs\higorteste\wp-content\plugins\redirect-404\redirect.php on line 15
[17-Feb-2025 19:25:17 UTC] Opção redirect_errors criada com valor 1.
[17-Feb-2025 19:25:17 UTC] PHP Warning:  Undefined variable $img in C:\xampp\htdocs\higorteste\wp-content\themes\temateste\page-other.php on line 19
[17-Feb-2025 19:25:17 UTC] PHP Fatal error:  Uncaught Error: Call to undefined function remove_option() in C:\xampp\htdocs\higorteste\wp-content\themes\temateste\page-other.php:21
Stack trace:
#0 C:\xampp\htdocs\higorteste\wp-includes\template-loader.php(106): include()
#1 C:\xampp\htdocs\higorteste\wp-blog-header.php(19): require_once('C:\\xampp\\htdocs...')
#2 C:\xampp\htdocs\higorteste\index.php(17): require('C:\\xampp\\htdocs...')
#3 {main}
  thrown in C:\xampp\htdocs\higorteste\wp-content\themes\temateste\page-other.php on line 21
[17-Feb-2025 19:25:49 UTC] PHP Warning:  Undefined variable $img in C:\xampp\htdocs\higorteste\wp-content\themes\temateste\page-other.php on line 19
[17-Feb-2025 19:26:04 UTC] PHP Warning:  Undefined variable $img in C:\xampp\htdocs\higorteste\wp-content\themes\temateste\page-other.php on line 19
[17-Feb-2025 19:26:04 UTC] PHP Fatal error:  Uncaught Error: Call to undefined function remove_option() in C:\xampp\htdocs\higorteste\wp-content\themes\temateste\page-other.php:21
Stack trace:
#0 C:\xampp\htdocs\higorteste\wp-includes\template-loader.php(106): include()
#1 C:\xampp\htdocs\higorteste\wp-blog-header.php(19): require_once('C:\\xampp\\htdocs...')
#2 C:\xampp\htdocs\higorteste\index.php(17): require('C:\\xampp\\htdocs...')
#3 {main}
  thrown in C:\xampp\htdocs\higorteste\wp-content\themes\temateste\page-other.php on line 21
[17-Feb-2025 19:26:13 UTC] PHP Warning:  Undefined variable $img in C:\xampp\htdocs\higorteste\wp-content\themes\temateste\page-other.php on line 19
[17-Feb-2025 19:26:13 UTC] PHP Fatal error:  Uncaught Error: Call to undefined function remove_option() in C:\xampp\htdocs\higorteste\wp-content\themes\temateste\page-other.php:21
Stack trace:
#0 C:\xampp\htdocs\higorteste\wp-includes\template-loader.php(106): include()
#1 C:\xampp\htdocs\higorteste\wp-blog-header.php(19): require_once('C:\\xampp\\htdocs...')
#2 C:\xampp\htdocs\higorteste\index.php(17): require('C:\\xampp\\htdocs...')
#3 {main}
  thrown in C:\xampp\htdocs\higorteste\wp-content\themes\temateste\page-other.php on line 21
[17-Feb-2025 19:26:35 UTC] PHP Warning:  Undefined variable $img in C:\xampp\htdocs\higorteste\wp-content\themes\temateste\page-other.php on line 19
[17-Feb-2025 19:26:52 UTC] PHP Warning:  Undefined variable $img in C:\xampp\htdocs\higorteste\wp-content\themes\temateste\page-other.php on line 19
[17-Feb-2025 19:29:17 UTC] PHP Warning:  Undefined variable $img in C:\xampp\htdocs\higorteste\wp-content\themes\temateste\page-other.php on line 19
[17-Feb-2025 19:29:44 UTC] PHP Warning:  Undefined variable $img in C:\xampp\htdocs\higorteste\wp-content\themes\temateste\page-other.php on line 19
[17-Feb-2025 19:30:10 UTC] PHP Warning:  Undefined variable $img in C:\xampp\htdocs\higorteste\wp-content\themes\temateste\page-other.php on line 19
[17-Feb-2025 19:30:16 UTC] PHP Warning:  Undefined variable $img in C:\xampp\htdocs\higorteste\wp-content\themes\temateste\page-other.php on line 19
[17-Feb-2025 19:30:37 UTC] PHP Warning:  Undefined variable $redirect_errors in C:\xampp\htdocs\higorteste\wp-content\plugins\redirect-404\redirect.php on line 15
[17-Feb-2025 19:30:38 UTC] PHP Warning:  Undefined variable $redirect_errors in C:\xampp\htdocs\higorteste\wp-content\plugins\redirect-404\redirect.php on line 15
[17-Feb-2025 19:30:39 UTC] PHP Warning:  Undefined variable $img in C:\xampp\htdocs\higorteste\wp-content\themes\temateste\page-other.php on line 19
[17-Feb-2025 19:30:43 UTC] PHP Warning:  Undefined variable $redirect_errors in C:\xampp\htdocs\higorteste\wp-content\plugins\redirect-404\redirect.php on line 15
[17-Feb-2025 19:30:44 UTC] PHP Warning:  Undefined variable $redirect_errors in C:\xampp\htdocs\higorteste\wp-content\plugins\redirect-404\redirect.php on line 15
[17-Feb-2025 19:30:44 UTC] PHP Warning:  Undefined variable $img in C:\xampp\htdocs\higorteste\wp-content\themes\temateste\page-other.php on line 19
[17-Feb-2025 19:33:33 UTC] PHP Fatal error:  Uncaught TypeError: call_user_func_array(): Argument #1 ($callback) must be a valid callback, function "plugin_config" not found or invalid function name in C:\xampp\htdocs\higorteste\wp-includes\class-wp-hook.php:324
Stack trace:
#0 C:\xampp\htdocs\higorteste\wp-includes\class-wp-hook.php(348): WP_Hook->apply_filters(NULL, Array)
#1 C:\xampp\htdocs\higorteste\wp-includes\plugin.php(517): WP_Hook->do_action(Array)
#2 C:\xampp\htdocs\higorteste\wp-admin\includes\menu.php(161): do_action('admin_menu', '')
#3 C:\xampp\htdocs\higorteste\wp-admin\menu.php(412): require_once('C:\\xampp\\htdocs...')
#4 C:\xampp\htdocs\higorteste\wp-admin\admin.php(158): require('C:\\xampp\\htdocs...')
#5 C:\xampp\htdocs\higorteste\wp-admin\plugins.php(10): require_once('C:\\xampp\\htdocs...')
#6 {main}
  thrown in C:\xampp\htdocs\higorteste\wp-includes\class-wp-hook.php on line 324
[17-Feb-2025 19:37:00 UTC] PHP Parse error:  syntax error, unexpected identifier "add_action", expecting "function" or "const" in C:\xampp\htdocs\higorteste\wp-content\plugins\redirect-404\redirect.php on line 25
[17-Feb-2025 19:37:01 UTC] PHP Parse error:  syntax error, unexpected identifier "add_action", expecting "function" or "const" in C:\xampp\htdocs\higorteste\wp-content\plugins\redirect-404\redirect.php on line 25
[17-Feb-2025 19:37:02 UTC] PHP Parse error:  syntax error, unexpected identifier "add_action", expecting "function" or "const" in C:\xampp\htdocs\higorteste\wp-content\plugins\redirect-404\redirect.php on line 25
[17-Feb-2025 19:37:02 UTC] PHP Parse error:  syntax error, unexpected identifier "add_action", expecting "function" or "const" in C:\xampp\htdocs\higorteste\wp-content\plugins\redirect-404\redirect.php on line 25
[17-Feb-2025 19:37:02 UTC] PHP Parse error:  syntax error, unexpected identifier "add_action", expecting "function" or "const" in C:\xampp\htdocs\higorteste\wp-content\plugins\redirect-404\redirect.php on line 25
[17-Feb-2025 19:37:02 UTC] PHP Parse error:  syntax error, unexpected identifier "add_action", expecting "function" or "const" in C:\xampp\htdocs\higorteste\wp-content\plugins\redirect-404\redirect.php on line 25
[17-Feb-2025 19:37:02 UTC] PHP Parse error:  syntax error, unexpected identifier "add_action", expecting "function" or "const" in C:\xampp\htdocs\higorteste\wp-content\plugins\redirect-404\redirect.php on line 25
[17-Feb-2025 19:37:04 UTC] PHP Parse error:  syntax error, unexpected identifier "add_action", expecting "function" or "const" in C:\xampp\htdocs\higorteste\wp-content\plugins\redirect-404\redirect.php on line 25
[17-Feb-2025 19:37:08 UTC] PHP Parse error:  syntax error, unexpected identifier "add_action", expecting "function" or "const" in C:\xampp\htdocs\higorteste\wp-content\plugins\redirect-404\redirect.php on line 25
[17-Feb-2025 19:37:09 UTC] PHP Parse error:  syntax error, unexpected identifier "add_action", expecting "function" or "const" in C:\xampp\htdocs\higorteste\wp-content\plugins\redirect-404\redirect.php on line 25
[17-Feb-2025 19:42:13 UTC] PHP Warning:  Undefined variable $img in C:\xampp\htdocs\higorteste\wp-content\themes\temateste\page-other.php on line 19
[17-Feb-2025 19:43:28 UTC] PHP Warning:  Undefined variable $img in C:\xampp\htdocs\higorteste\wp-content\themes\temateste\page-other.php on line 19
[17-Feb-2025 19:48:25 UTC] PHP Fatal error:  Uncaught TypeError: call_user_func_array(): Argument #1 ($callback) must be a valid callback, function "adicionar_menu" not found or invalid function name in C:\xampp\htdocs\higorteste\wp-includes\class-wp-hook.php:324
Stack trace:
#0 C:\xampp\htdocs\higorteste\wp-includes\class-wp-hook.php(348): WP_Hook->apply_filters(NULL, Array)
#1 C:\xampp\htdocs\higorteste\wp-includes\plugin.php(517): WP_Hook->do_action(Array)
#2 C:\xampp\htdocs\higorteste\wp-admin\includes\menu.php(161): do_action('admin_menu', '')
#3 C:\xampp\htdocs\higorteste\wp-admin\menu.php(412): require_once('C:\\xampp\\htdocs...')
#4 C:\xampp\htdocs\higorteste\wp-admin\admin.php(158): require('C:\\xampp\\htdocs...')
#5 {main}
  thrown in C:\xampp\htdocs\higorteste\wp-includes\class-wp-hook.php on line 324
[17-Feb-2025 19:48:39 UTC] PHP Fatal error:  Uncaught Error: Using $this when not in object context in C:\xampp\htdocs\higorteste\wp-content\plugins\redirect-404\redirect.php:75
Stack trace:
#0 C:\xampp\htdocs\higorteste\wp-settings.php(526): include_once()
#1 C:\xampp\htdocs\higorteste\wp-config.php(105): require_once('C:\\xampp\\htdocs...')
#2 C:\xampp\htdocs\higorteste\wp-load.php(50): require_once('C:\\xampp\\htdocs...')
#3 C:\xampp\htdocs\higorteste\wp-admin\admin.php(34): require_once('C:\\xampp\\htdocs...')
#4 {main}
  thrown in C:\xampp\htdocs\higorteste\wp-content\plugins\redirect-404\redirect.php on line 75
[17-Feb-2025 19:48:45 UTC] PHP Fatal error:  Uncaught Error: Using $this when not in object context in C:\xampp\htdocs\higorteste\wp-content\plugins\redirect-404\redirect.php:75
Stack trace:
#0 C:\xampp\htdocs\higorteste\wp-settings.php(526): include_once()
#1 C:\xampp\htdocs\higorteste\wp-config.php(105): require_once('C:\\xampp\\htdocs...')
#2 C:\xampp\htdocs\higorteste\wp-load.php(50): require_once('C:\\xampp\\htdocs...')
#3 C:\xampp\htdocs\higorteste\wp-admin\admin.php(34): require_once('C:\\xampp\\htdocs...')
#4 {main}
  thrown in C:\xampp\htdocs\higorteste\wp-content\plugins\redirect-404\redirect.php on line 75
[17-Feb-2025 19:49:09 UTC] PHP Fatal error:  Uncaught Error: Using $this when not in object context in C:\xampp\htdocs\higorteste\wp-content\plugins\redirect-404\redirect.php:64
Stack trace:
#0 C:\xampp\htdocs\higorteste\wp-settings.php(526): include_once()
#1 C:\xampp\htdocs\higorteste\wp-config.php(105): require_once('C:\\xampp\\htdocs...')
#2 C:\xampp\htdocs\higorteste\wp-load.php(50): require_once('C:\\xampp\\htdocs...')
#3 C:\xampp\htdocs\higorteste\wp-admin\admin.php(34): require_once('C:\\xampp\\htdocs...')
#4 {main}
  thrown in C:\xampp\htdocs\higorteste\wp-content\plugins\redirect-404\redirect.php on line 64
[17-Feb-2025 19:50:25 UTC] PHP Warning:  Undefined variable $img in C:\xampp\htdocs\higorteste\wp-content\themes\temateste\page-other.php on line 19
[17-Feb-2025 19:51:04 UTC] PHP Warning:  Undefined variable $img in C:\xampp\htdocs\higorteste\wp-content\themes\temateste\page-other.php on line 19
[18-Feb-2025 13:11:09 UTC] Automatic updates starting...
[18-Feb-2025 13:11:10 UTC]   Automatic plugin updates starting...
[18-Feb-2025 13:11:10 UTC]   Automatic plugin updates complete.
[18-Feb-2025 13:11:10 UTC]   Automatic theme updates starting...
[18-Feb-2025 13:11:10 UTC]   Automatic theme updates complete.
[18-Feb-2025 13:11:10 UTC] Automatic updates complete.
[18-Feb-2025 13:21:37 UTC] PHP Warning:  Undefined variable $img in C:\xampp\htdocs\higorteste\wp-content\themes\temateste\page-other.php on line 19
[18-Feb-2025 13:22:07 UTC] PHP Warning:  Undefined variable $img in C:\xampp\htdocs\higorteste\wp-content\themes\temateste\page-other.php on line 19
[18-Feb-2025 13:24:50 UTC] PHP Warning:  Undefined variable $img in C:\xampp\htdocs\higorteste\wp-content\themes\temateste\page-other.php on line 19
[18-Feb-2025 14:23:51 UTC] WordPress database error You have an error in your SQL syntax; check the manual that corresponds to your MariaDB server version for the right syntax to use near ') ENGINE=InnoDB DEFAULT CHARSET=utf8' at line 4 for query CREATE TABLE IF NOT EXISTS wp_meus_dados (
            url VARCHAR(255) NOT NULL PRIMARY KEY,
            count BIGINT(20) UNSIGNED NOT NULL DEFAULT 0,
        ) ENGINE=InnoDB DEFAULT CHARSET=utf8 made by require_once('wp-load.php'), require_once('wp-config.php'), require_once('wp-settings.php'), include_once('/plugins/redirect-404/redirect.php'), Redirect->__construct, dbDelta
[18-Feb-2025 14:23:52 UTC] WordPress database error You have an error in your SQL syntax; check the manual that corresponds to your MariaDB server version for the right syntax to use near ') ENGINE=InnoDB DEFAULT CHARSET=utf8' at line 4 for query CREATE TABLE IF NOT EXISTS wp_meus_dados (
            url VARCHAR(255) NOT NULL PRIMARY KEY,
            count BIGINT(20) UNSIGNED NOT NULL DEFAULT 0,
        ) ENGINE=InnoDB DEFAULT CHARSET=utf8 made by require_once('wp-load.php'), require_once('wp-config.php'), require_once('wp-settings.php'), include_once('/plugins/redirect-404/redirect.php'), Redirect->__construct, dbDelta
[18-Feb-2025 14:25:52 UTC] WordPress database error You have an error in your SQL syntax; check the manual that corresponds to your MariaDB server version for the right syntax to use near ') ENGINE=InnoDB DEFAULT CHARSET=utf8' at line 4 for query CREATE TABLE IF NOT EXISTS wp_redirect_errors_wpbd (
            url VARCHAR(255) NOT NULL PRIMARY KEY,
            count BIGINT(20) UNSIGNED NOT NULL DEFAULT 0,
        ) ENGINE=InnoDB DEFAULT CHARSET=utf8 made by require_once('wp-load.php'), require_once('wp-config.php'), require_once('wp-settings.php'), include_once('/plugins/redirect-404/redirect.php'), Redirect->__construct, dbDelta
[18-Feb-2025 14:29:39 UTC] WordPress database error You have an error in your SQL syntax; check the manual that corresponds to your MariaDB server version for the right syntax to use near ') ENGINE=InnoDB DEFAULT CHARSET=utf8' at line 4 for query CREATE TABLE IF NOT EXISTS wp_redirect_errors_wpbd (
            url VARCHAR(255) NOT NULL PRIMARY KEY,
            count BIGINT(20) UNSIGNED NOT NULL DEFAULT 0,
        ) ENGINE=InnoDB DEFAULT CHARSET=utf8 made by require_once('wp-load.php'), require_once('wp-config.php'), require_once('wp-settings.php'), include_once('/plugins/redirect-404/redirect.php'), Redirect->__construct, dbDelta
[18-Feb-2025 14:31:30 UTC] WordPress database error You have an error in your SQL syntax; check the manual that corresponds to your MariaDB server version for the right syntax to use near ') ENGINE=InnoDB DEFAULT CHARSET=utf8' at line 4 for query CREATE TABLE IF NOT EXISTS wp_redirect_errors_wpbd (
            url VARCHAR(255) NOT NULL PRIMARY KEY,
            count BIGINT(20) UNSIGNED NOT NULL DEFAULT 0,
        ) ENGINE=InnoDB DEFAULT CHARSET=utf8 made by require_once('wp-load.php'), require_once('wp-config.php'), require_once('wp-settings.php'), include_once('/plugins/redirect-404/redirect.php'), Redirect->__construct, dbDelta
[18-Feb-2025 14:32:30 UTC] WordPress database error You have an error in your SQL syntax; check the manual that corresponds to your MariaDB server version for the right syntax to use near ') ENGINE=InnoDB DEFAULT CHARSET=utf8' at line 4 for query CREATE TABLE IF NOT EXISTS wp_redirect_errors_wpbd (
            url VARCHAR(255) NOT NULL PRIMARY KEY,
            count BIGINT(20) UNSIGNED NOT NULL DEFAULT 0,
        ) ENGINE=InnoDB DEFAULT CHARSET=utf8 made by require_once('wp-load.php'), require_once('wp-config.php'), require_once('wp-settings.php'), include_once('/plugins/redirect-404/redirect.php'), Redirect->__construct, dbDelta
[18-Feb-2025 14:34:31 UTC] WordPress database error You have an error in your SQL syntax; check the manual that corresponds to your MariaDB server version for the right syntax to use near ') ENGINE=InnoDB DEFAULT CHARSET=utf8' at line 4 for query CREATE TABLE IF NOT EXISTS wp_redirect_errors_wpbd (
            url VARCHAR(255) NOT NULL PRIMARY KEY,
            count BIGINT(20) UNSIGNED NOT NULL DEFAULT 0,
        ) ENGINE=InnoDB DEFAULT CHARSET=utf8 made by require_once('wp-load.php'), require_once('wp-config.php'), require_once('wp-settings.php'), include_once('/plugins/redirect-404/redirect.php'), Redirect->__construct, dbDelta
[18-Feb-2025 14:36:32 UTC] WordPress database error You have an error in your SQL syntax; check the manual that corresponds to your MariaDB server version for the right syntax to use near ') ENGINE=InnoDB DEFAULT CHARSET=utf8' at line 4 for query CREATE TABLE IF NOT EXISTS wp_redirect_errors_wpbd (
            url VARCHAR(255) NOT NULL PRIMARY KEY,
            count BIGINT(20) UNSIGNED NOT NULL DEFAULT 0,
        ) ENGINE=InnoDB DEFAULT CHARSET=utf8 made by require_once('wp-load.php'), require_once('wp-config.php'), require_once('wp-settings.php'), include_once('/plugins/redirect-404/redirect.php'), Redirect->__construct, dbDelta
[18-Feb-2025 14:38:33 UTC] WordPress database error You have an error in your SQL syntax; check the manual that corresponds to your MariaDB server version for the right syntax to use near ') ENGINE=InnoDB DEFAULT CHARSET=utf8' at line 4 for query CREATE TABLE IF NOT EXISTS wp_redirect_errors_wpbd (
            url VARCHAR(255) NOT NULL PRIMARY KEY,
            count BIGINT(20) UNSIGNED NOT NULL DEFAULT 0,
        ) ENGINE=InnoDB DEFAULT CHARSET=utf8 made by require_once('wp-load.php'), require_once('wp-config.php'), require_once('wp-settings.php'), include_once('/plugins/redirect-404/redirect.php'), Redirect->__construct, dbDelta
[18-Feb-2025 14:40:34 UTC] WordPress database error You have an error in your SQL syntax; check the manual that corresponds to your MariaDB server version for the right syntax to use near ') ENGINE=InnoDB DEFAULT CHARSET=utf8' at line 4 for query CREATE TABLE IF NOT EXISTS wp_redirect_errors_wpbd (
            url VARCHAR(255) NOT NULL PRIMARY KEY,
            count BIGINT(20) UNSIGNED NOT NULL DEFAULT 0,
        ) ENGINE=InnoDB DEFAULT CHARSET=utf8 made by require_once('wp-load.php'), require_once('wp-config.php'), require_once('wp-settings.php'), include_once('/plugins/redirect-404/redirect.php'), Redirect->__construct, dbDelta
[18-Feb-2025 14:56:48 UTC] WordPress database error You have an error in your SQL syntax; check the manual that corresponds to your MariaDB server version for the right syntax to use near ') ENGINE=InnoDB DEFAULT CHARSET=utf8' at line 4 for query CREATE TABLE IF NOT EXISTS wp_redirect_errors_wpbd (
            url VARCHAR(255) NOT NULL PRIMARY KEY,
            count BIGINT(20) UNSIGNED NOT NULL DEFAULT 0,
        ) ENGINE=InnoDB DEFAULT CHARSET=utf8 made by require_once('wp-load.php'), require_once('wp-config.php'), require_once('wp-settings.php'), include_once('/plugins/redirect-404/redirect.php'), Redirect->__construct, dbDelta
[18-Feb-2025 14:57:48 UTC] WordPress database error You have an error in your SQL syntax; check the manual that corresponds to your MariaDB server version for the right syntax to use near ') ENGINE=InnoDB DEFAULT CHARSET=utf8' at line 4 for query CREATE TABLE IF NOT EXISTS wp_redirect_errors_wpbd (
            url VARCHAR(255) NOT NULL PRIMARY KEY,
            count BIGINT(20) UNSIGNED NOT NULL DEFAULT 0,
        ) ENGINE=InnoDB DEFAULT CHARSET=utf8 made by require_once('wp-load.php'), require_once('wp-config.php'), require_once('wp-settings.php'), include_once('/plugins/redirect-404/redirect.php'), Redirect->__construct, dbDelta
[18-Feb-2025 14:59:49 UTC] WordPress database error You have an error in your SQL syntax; check the manual that corresponds to your MariaDB server version for the right syntax to use near ') ENGINE=InnoDB DEFAULT CHARSET=utf8' at line 4 for query CREATE TABLE IF NOT EXISTS wp_redirect_errors_wpbd (
            url VARCHAR(255) NOT NULL PRIMARY KEY,
            count BIGINT(20) UNSIGNED NOT NULL DEFAULT 0,
        ) ENGINE=InnoDB DEFAULT CHARSET=utf8 made by require_once('wp-load.php'), require_once('wp-config.php'), require_once('wp-settings.php'), include_once('/plugins/redirect-404/redirect.php'), Redirect->__construct, dbDelta
[18-Feb-2025 15:01:50 UTC] WordPress database error You have an error in your SQL syntax; check the manual that corresponds to your MariaDB server version for the right syntax to use near ') ENGINE=InnoDB DEFAULT CHARSET=utf8' at line 4 for query CREATE TABLE IF NOT EXISTS wp_redirect_errors_wpbd (
            url VARCHAR(255) NOT NULL PRIMARY KEY,
            count BIGINT(20) UNSIGNED NOT NULL DEFAULT 0,
        ) ENGINE=InnoDB DEFAULT CHARSET=utf8 made by require_once('wp-load.php'), require_once('wp-config.php'), require_once('wp-settings.php'), include_once('/plugins/redirect-404/redirect.php'), Redirect->__construct, dbDelta
[18-Feb-2025 15:03:51 UTC] WordPress database error You have an error in your SQL syntax; check the manual that corresponds to your MariaDB server version for the right syntax to use near ') ENGINE=InnoDB DEFAULT CHARSET=utf8' at line 4 for query CREATE TABLE IF NOT EXISTS wp_redirect_errors_wpbd (
            url VARCHAR(255) NOT NULL PRIMARY KEY,
            count BIGINT(20) UNSIGNED NOT NULL DEFAULT 0,
        ) ENGINE=InnoDB DEFAULT CHARSET=utf8 made by require_once('wp-load.php'), require_once('wp-config.php'), require_once('wp-settings.php'), include_once('/plugins/redirect-404/redirect.php'), Redirect->__construct, dbDelta
[18-Feb-2025 15:04:54 UTC] WordPress database error You have an error in your SQL syntax; check the manual that corresponds to your MariaDB server version for the right syntax to use near ') ENGINE=InnoDB DEFAULT CHARSET=utf8' at line 4 for query CREATE TABLE IF NOT EXISTS wp_redirect_errors_wpbd (
            url VARCHAR(255) NOT NULL PRIMARY KEY,
            count BIGINT(20) UNSIGNED NOT NULL DEFAULT 0,
        ) ENGINE=InnoDB DEFAULT CHARSET=utf8 made by require_once('wp-load.php'), require_once('wp-config.php'), require_once('wp-settings.php'), include_once('/plugins/redirect-404/redirect.php'), Redirect->__construct, dbDelta
[18-Feb-2025 15:06:09 UTC] WordPress database error You have an error in your SQL syntax; check the manual that corresponds to your MariaDB server version for the right syntax to use near ') ENGINE=InnoDB DEFAULT CHARSET=utf8' at line 4 for query CREATE TABLE IF NOT EXISTS wp_redirect_errors_wpbd (
            url VARCHAR(255) NOT NULL PRIMARY KEY,
            count BIGINT(20) UNSIGNED NOT NULL DEFAULT 0,
        ) ENGINE=InnoDB DEFAULT CHARSET=utf8 made by require_once('wp-load.php'), require_once('wp-config.php'), require_once('wp-settings.php'), include_once('/plugins/redirect-404/redirect.php'), Redirect->__construct, dbDelta
[18-Feb-2025 15:07:09 UTC] WordPress database error You have an error in your SQL syntax; check the manual that corresponds to your MariaDB server version for the right syntax to use near ') ENGINE=InnoDB DEFAULT CHARSET=utf8' at line 4 for query CREATE TABLE IF NOT EXISTS wp_redirect_errors_wpbd (
            url VARCHAR(255) NOT NULL PRIMARY KEY,
            count BIGINT(20) UNSIGNED NOT NULL DEFAULT 0,
        ) ENGINE=InnoDB DEFAULT CHARSET=utf8 made by require_once('wp-load.php'), require_once('wp-config.php'), require_once('wp-settings.php'), include_once('/plugins/redirect-404/redirect.php'), Redirect->__construct, dbDelta
[18-Feb-2025 15:09:10 UTC] WordPress database error You have an error in your SQL syntax; check the manual that corresponds to your MariaDB server version for the right syntax to use near ') ENGINE=InnoDB DEFAULT CHARSET=utf8' at line 4 for query CREATE TABLE IF NOT EXISTS wp_redirect_errors_wpbd (
            url VARCHAR(255) NOT NULL PRIMARY KEY,
            count BIGINT(20) UNSIGNED NOT NULL DEFAULT 0,
        ) ENGINE=InnoDB DEFAULT CHARSET=utf8 made by require_once('wp-load.php'), require_once('wp-config.php'), require_once('wp-settings.php'), include_once('/plugins/redirect-404/redirect.php'), Redirect->__construct, dbDelta
[18-Feb-2025 15:11:11 UTC] WordPress database error You have an error in your SQL syntax; check the manual that corresponds to your MariaDB server version for the right syntax to use near ') ENGINE=InnoDB DEFAULT CHARSET=utf8' at line 4 for query CREATE TABLE IF NOT EXISTS wp_redirect_errors_wpbd (
            url VARCHAR(255) NOT NULL PRIMARY KEY,
            count BIGINT(20) UNSIGNED NOT NULL DEFAULT 0,
        ) ENGINE=InnoDB DEFAULT CHARSET=utf8 made by require_once('wp-load.php'), require_once('wp-config.php'), require_once('wp-settings.php'), include_once('/plugins/redirect-404/redirect.php'), Redirect->__construct, dbDelta
[18-Feb-2025 15:13:12 UTC] WordPress database error You have an error in your SQL syntax; check the manual that corresponds to your MariaDB server version for the right syntax to use near ') ENGINE=InnoDB DEFAULT CHARSET=utf8' at line 4 for query CREATE TABLE IF NOT EXISTS wp_redirect_errors_wpbd (
            url VARCHAR(255) NOT NULL PRIMARY KEY,
            count BIGINT(20) UNSIGNED NOT NULL DEFAULT 0,
        ) ENGINE=InnoDB DEFAULT CHARSET=utf8 made by require_once('wp-load.php'), require_once('wp-config.php'), require_once('wp-settings.php'), include_once('/plugins/redirect-404/redirect.php'), Redirect->__construct, dbDelta
[18-Feb-2025 15:15:13 UTC] WordPress database error You have an error in your SQL syntax; check the manual that corresponds to your MariaDB server version for the right syntax to use near ') ENGINE=InnoDB DEFAULT CHARSET=utf8' at line 4 for query CREATE TABLE IF NOT EXISTS wp_redirect_errors_wpbd (
            url VARCHAR(255) NOT NULL PRIMARY KEY,
            count BIGINT(20) UNSIGNED NOT NULL DEFAULT 0,
        ) ENGINE=InnoDB DEFAULT CHARSET=utf8 made by require_once('wp-load.php'), require_once('wp-config.php'), require_once('wp-settings.php'), include_once('/plugins/redirect-404/redirect.php'), Redirect->__construct, dbDelta
[18-Feb-2025 15:16:34 UTC] WordPress database error You have an error in your SQL syntax; check the manual that corresponds to your MariaDB server version for the right syntax to use near ') ENGINE=InnoDB DEFAULT CHARSET=utf8' at line 4 for query CREATE TABLE IF NOT EXISTS wp_redirect_errors_wpbd (
            url VARCHAR(255) NOT NULL PRIMARY KEY,
            count BIGINT(20) UNSIGNED NOT NULL DEFAULT 0,
        ) ENGINE=InnoDB DEFAULT CHARSET=utf8 made by require_once('wp-load.php'), require_once('wp-config.php'), require_once('wp-settings.php'), include_once('/plugins/redirect-404/redirect.php'), Redirect->__construct, dbDelta
[18-Feb-2025 15:16:36 UTC] WordPress database error You have an error in your SQL syntax; check the manual that corresponds to your MariaDB server version for the right syntax to use near ') ENGINE=InnoDB DEFAULT CHARSET=utf8' at line 4 for query CREATE TABLE IF NOT EXISTS wp_redirect_errors_wpbd (
            url VARCHAR(255) NOT NULL PRIMARY KEY,
            count BIGINT(20) UNSIGNED NOT NULL DEFAULT 0,
        ) ENGINE=InnoDB DEFAULT CHARSET=utf8 made by require_once('wp-load.php'), require_once('wp-config.php'), require_once('wp-settings.php'), include_once('/plugins/redirect-404/redirect.php'), Redirect->__construct, dbDelta
[18-Feb-2025 15:16:37 UTC] WordPress database error Table 'higorteste.wp_redirect_errors_wpbd' doesn't exist for query SELECT * FROM wp_redirect_errors_wpbd made by do_action('toplevel_page_redirect_404_settings'), WP_Hook->do_action, WP_Hook->apply_filters, Redirect->pagina_configuracoes
[18-Feb-2025 15:16:43 UTC] WordPress database error You have an error in your SQL syntax; check the manual that corresponds to your MariaDB server version for the right syntax to use near ') ENGINE=InnoDB DEFAULT CHARSET=utf8' at line 4 for query CREATE TABLE IF NOT EXISTS wp_redirect_errors_wpbd (
            url VARCHAR(255) NOT NULL PRIMARY KEY,
            count BIGINT(20) UNSIGNED NOT NULL DEFAULT 0,
        ) ENGINE=InnoDB DEFAULT CHARSET=utf8 made by require('wp-blog-header.php'), require_once('wp-load.php'), require_once('wp-config.php'), require_once('wp-settings.php'), include_once('/plugins/redirect-404/redirect.php'), Redirect->__construct, dbDelta
[18-Feb-2025 15:16:44 UTC] PHP Warning:  Undefined variable $img in C:\xampp\htdocs\higorteste\wp-content\themes\temateste\page-other.php on line 19
[18-Feb-2025 15:16:47 UTC] WordPress database error You have an error in your SQL syntax; check the manual that corresponds to your MariaDB server version for the right syntax to use near ') ENGINE=InnoDB DEFAULT CHARSET=utf8' at line 4 for query CREATE TABLE IF NOT EXISTS wp_redirect_errors_wpbd (
            url VARCHAR(255) NOT NULL PRIMARY KEY,
            count BIGINT(20) UNSIGNED NOT NULL DEFAULT 0,
        ) ENGINE=InnoDB DEFAULT CHARSET=utf8 made by require('wp-blog-header.php'), require_once('wp-load.php'), require_once('wp-config.php'), require_once('wp-settings.php'), include_once('/plugins/redirect-404/redirect.php'), Redirect->__construct, dbDelta
[18-Feb-2025 15:16:49 UTC] WordPress database error You have an error in your SQL syntax; check the manual that corresponds to your MariaDB server version for the right syntax to use near ') ENGINE=InnoDB DEFAULT CHARSET=utf8' at line 4 for query CREATE TABLE IF NOT EXISTS wp_redirect_errors_wpbd (
            url VARCHAR(255) NOT NULL PRIMARY KEY,
            count BIGINT(20) UNSIGNED NOT NULL DEFAULT 0,
        ) ENGINE=InnoDB DEFAULT CHARSET=utf8 made by require('wp-blog-header.php'), require_once('wp-load.php'), require_once('wp-config.php'), require_once('wp-settings.php'), include_once('/plugins/redirect-404/redirect.php'), Redirect->__construct, dbDelta
[18-Feb-2025 15:16:49 UTC] PHP Warning:  Undefined variable $linha in C:\xampp\htdocs\higorteste\wp-content\plugins\redirect-404\redirect.php on line 50
[18-Feb-2025 15:16:49 UTC] PHP Warning:  Trying to access array offset on value of type null in C:\xampp\htdocs\higorteste\wp-content\plugins\redirect-404\redirect.php on line 50
[18-Feb-2025 15:16:49 UTC] PHP Fatal error:  Uncaught Error: Undefined constant "url_erro" in C:\xampp\htdocs\higorteste\wp-content\plugins\redirect-404\redirect.php:51
Stack trace:
#0 C:\xampp\htdocs\higorteste\wp-includes\class-wp-hook.php(324): Redirect->handle_redirect('')
#1 C:\xampp\htdocs\higorteste\wp-includes\class-wp-hook.php(348): WP_Hook->apply_filters(NULL, Array)
#2 C:\xampp\htdocs\higorteste\wp-includes\plugin.php(517): WP_Hook->do_action(Array)
#3 C:\xampp\htdocs\higorteste\wp-includes\template-loader.php(13): do_action('template_redire...')
#4 C:\xampp\htdocs\higorteste\wp-blog-header.php(19): require_once('C:\\xampp\\htdocs...')
#5 C:\xampp\htdocs\higorteste\index.php(17): require('C:\\xampp\\htdocs...')
#6 {main}
  thrown in C:\xampp\htdocs\higorteste\wp-content\plugins\redirect-404\redirect.php on line 51
[18-Feb-2025 15:16:52 UTC] WordPress database error You have an error in your SQL syntax; check the manual that corresponds to your MariaDB server version for the right syntax to use near ') ENGINE=InnoDB DEFAULT CHARSET=utf8' at line 4 for query CREATE TABLE IF NOT EXISTS wp_redirect_errors_wpbd (
            url VARCHAR(255) NOT NULL PRIMARY KEY,
            count BIGINT(20) UNSIGNED NOT NULL DEFAULT 0,
        ) ENGINE=InnoDB DEFAULT CHARSET=utf8 made by require_once('wp-load.php'), require_once('wp-config.php'), require_once('wp-settings.php'), include_once('/plugins/redirect-404/redirect.php'), Redirect->__construct, dbDelta
[18-Feb-2025 15:16:53 UTC] WordPress database error Table 'higorteste.wp_redirect_errors_wpbd' doesn't exist for query SELECT * FROM wp_redirect_errors_wpbd made by do_action('toplevel_page_redirect_404_settings'), WP_Hook->do_action, WP_Hook->apply_filters, Redirect->pagina_configuracoes
[18-Feb-2025 15:16:55 UTC] WordPress database error You have an error in your SQL syntax; check the manual that corresponds to your MariaDB server version for the right syntax to use near ') ENGINE=InnoDB DEFAULT CHARSET=utf8' at line 4 for query CREATE TABLE IF NOT EXISTS wp_redirect_errors_wpbd (
            url VARCHAR(255) NOT NULL PRIMARY KEY,
            count BIGINT(20) UNSIGNED NOT NULL DEFAULT 0,
        ) ENGINE=InnoDB DEFAULT CHARSET=utf8 made by require_once('wp-load.php'), require_once('wp-config.php'), require_once('wp-settings.php'), include_once('/plugins/redirect-404/redirect.php'), Redirect->__construct, dbDelta
[18-Feb-2025 15:16:55 UTC] WordPress database error You have an error in your SQL syntax; check the manual that corresponds to your MariaDB server version for the right syntax to use near ') ENGINE=InnoDB DEFAULT CHARSET=utf8' at line 4 for query CREATE TABLE IF NOT EXISTS wp_redirect_errors_wpbd (
            url VARCHAR(255) NOT NULL PRIMARY KEY,
            count BIGINT(20) UNSIGNED NOT NULL DEFAULT 0,
        ) ENGINE=InnoDB DEFAULT CHARSET=utf8 made by require_once('wp-load.php'), require_once('wp-config.php'), require_once('wp-settings.php'), include_once('/plugins/redirect-404/redirect.php'), Redirect->__construct, dbDelta
[18-Feb-2025 15:16:56 UTC] WordPress database error You have an error in your SQL syntax; check the manual that corresponds to your MariaDB server version for the right syntax to use near ') ENGINE=InnoDB DEFAULT CHARSET=utf8' at line 4 for query CREATE TABLE IF NOT EXISTS wp_redirect_errors_wpbd (
            url VARCHAR(255) NOT NULL PRIMARY KEY,
            count BIGINT(20) UNSIGNED NOT NULL DEFAULT 0,
        ) ENGINE=InnoDB DEFAULT CHARSET=utf8 made by require_once('wp-load.php'), require_once('wp-config.php'), require_once('wp-settings.php'), include_once('/plugins/redirect-404/redirect.php'), Redirect->__construct, dbDelta
[18-Feb-2025 15:16:56 UTC] WordPress database error You have an error in your SQL syntax; check the manual that corresponds to your MariaDB server version for the right syntax to use near ') ENGINE=InnoDB DEFAULT CHARSET=utf8' at line 4 for query CREATE TABLE IF NOT EXISTS wp_redirect_errors_wpbd (
            url VARCHAR(255) NOT NULL PRIMARY KEY,
            count BIGINT(20) UNSIGNED NOT NULL DEFAULT 0,
        ) ENGINE=InnoDB DEFAULT CHARSET=utf8 made by require_once('wp-load.php'), require_once('wp-config.php'), require_once('wp-settings.php'), include_once('/plugins/redirect-404/redirect.php'), Redirect->__construct, dbDelta
[18-Feb-2025 15:16:56 UTC] WordPress database error You have an error in your SQL syntax; check the manual that corresponds to your MariaDB server version for the right syntax to use near ') ENGINE=InnoDB DEFAULT CHARSET=utf8' at line 4 for query CREATE TABLE IF NOT EXISTS wp_redirect_errors_wpbd (
            url VARCHAR(255) NOT NULL PRIMARY KEY,
            count BIGINT(20) UNSIGNED NOT NULL DEFAULT 0,
        ) ENGINE=InnoDB DEFAULT CHARSET=utf8 made by require_once('wp-load.php'), require_once('wp-config.php'), require_once('wp-settings.php'), include_once('/plugins/redirect-404/redirect.php'), Redirect->__construct, dbDelta
[18-Feb-2025 15:16:56 UTC] WordPress database error Table 'higorteste.wp_redirect_errors_wpbd' doesn't exist for query SELECT * FROM wp_redirect_errors_wpbd made by do_action('toplevel_page_redirect_404_settings'), WP_Hook->do_action, WP_Hook->apply_filters, Redirect->pagina_configuracoes
[18-Feb-2025 15:17:04 UTC] WordPress database error You have an error in your SQL syntax; check the manual that corresponds to your MariaDB server version for the right syntax to use near ') ENGINE=InnoDB DEFAULT CHARSET=utf8' at line 4 for query CREATE TABLE IF NOT EXISTS wp_redirect_errors_wpbd (
            url VARCHAR(255) NOT NULL PRIMARY KEY,
            count BIGINT(20) UNSIGNED NOT NULL DEFAULT 0,
        ) ENGINE=InnoDB DEFAULT CHARSET=utf8 made by require('wp-blog-header.php'), require_once('wp-load.php'), require_once('wp-config.php'), require_once('wp-settings.php'), include_once('/plugins/redirect-404/redirect.php'), Redirect->__construct, dbDelta
[18-Feb-2025 15:17:04 UTC] PHP Warning:  Undefined variable $linha in C:\xampp\htdocs\higorteste\wp-content\plugins\redirect-404\redirect.php on line 50
[18-Feb-2025 15:17:04 UTC] PHP Warning:  Trying to access array offset on value of type null in C:\xampp\htdocs\higorteste\wp-content\plugins\redirect-404\redirect.php on line 50
[18-Feb-2025 15:17:04 UTC] PHP Fatal error:  Uncaught Error: Undefined constant "url_erro" in C:\xampp\htdocs\higorteste\wp-content\plugins\redirect-404\redirect.php:51
Stack trace:
#0 C:\xampp\htdocs\higorteste\wp-includes\class-wp-hook.php(324): Redirect->handle_redirect('')
#1 C:\xampp\htdocs\higorteste\wp-includes\class-wp-hook.php(348): WP_Hook->apply_filters(NULL, Array)
#2 C:\xampp\htdocs\higorteste\wp-includes\plugin.php(517): WP_Hook->do_action(Array)
#3 C:\xampp\htdocs\higorteste\wp-includes\template-loader.php(13): do_action('template_redire...')
#4 C:\xampp\htdocs\higorteste\wp-blog-header.php(19): require_once('C:\\xampp\\htdocs...')
#5 C:\xampp\htdocs\higorteste\index.php(17): require('C:\\xampp\\htdocs...')
#6 {main}
  thrown in C:\xampp\htdocs\higorteste\wp-content\plugins\redirect-404\redirect.php on line 51
[18-Feb-2025 15:17:21 UTC] PHP Warning:  Undefined variable $linha in C:\xampp\htdocs\higorteste\wp-content\plugins\redirect-404\redirect.php on line 34
[18-Feb-2025 15:17:21 UTC] PHP Warning:  Trying to access array offset on value of type null in C:\xampp\htdocs\higorteste\wp-content\plugins\redirect-404\redirect.php on line 34
[18-Feb-2025 15:17:21 UTC] PHP Fatal error:  Uncaught Error: Undefined constant "url_erro" in C:\xampp\htdocs\higorteste\wp-content\plugins\redirect-404\redirect.php:35
Stack trace:
#0 C:\xampp\htdocs\higorteste\wp-includes\class-wp-hook.php(324): Redirect->handle_redirect('')
#1 C:\xampp\htdocs\higorteste\wp-includes\class-wp-hook.php(348): WP_Hook->apply_filters(NULL, Array)
#2 C:\xampp\htdocs\higorteste\wp-includes\plugin.php(517): WP_Hook->do_action(Array)
#3 C:\xampp\htdocs\higorteste\wp-includes\template-loader.php(13): do_action('template_redire...')
#4 C:\xampp\htdocs\higorteste\wp-blog-header.php(19): require_once('C:\\xampp\\htdocs...')
#5 C:\xampp\htdocs\higorteste\index.php(17): require('C:\\xampp\\htdocs...')
#6 {main}
  thrown in C:\xampp\htdocs\higorteste\wp-content\plugins\redirect-404\redirect.php on line 35
[18-Feb-2025 15:17:28 UTC] PHP Warning:  Undefined variable $img in C:\xampp\htdocs\higorteste\wp-content\themes\temateste\page-other.php on line 19
[18-Feb-2025 15:17:31 UTC] PHP Warning:  Undefined variable $linha in C:\xampp\htdocs\higorteste\wp-content\plugins\redirect-404\redirect.php on line 34
[18-Feb-2025 15:17:31 UTC] PHP Warning:  Trying to access array offset on value of type null in C:\xampp\htdocs\higorteste\wp-content\plugins\redirect-404\redirect.php on line 34
[18-Feb-2025 15:17:31 UTC] PHP Fatal error:  Uncaught Error: Undefined constant "url_erro" in C:\xampp\htdocs\higorteste\wp-content\plugins\redirect-404\redirect.php:35
Stack trace:
#0 C:\xampp\htdocs\higorteste\wp-includes\class-wp-hook.php(324): Redirect->handle_redirect('')
#1 C:\xampp\htdocs\higorteste\wp-includes\class-wp-hook.php(348): WP_Hook->apply_filters(NULL, Array)
#2 C:\xampp\htdocs\higorteste\wp-includes\plugin.php(517): WP_Hook->do_action(Array)
#3 C:\xampp\htdocs\higorteste\wp-includes\template-loader.php(13): do_action('template_redire...')
#4 C:\xampp\htdocs\higorteste\wp-blog-header.php(19): require_once('C:\\xampp\\htdocs...')
#5 C:\xampp\htdocs\higorteste\index.php(17): require('C:\\xampp\\htdocs...')
#6 {main}
  thrown in C:\xampp\htdocs\higorteste\wp-content\plugins\redirect-404\redirect.php on line 35
[18-Feb-2025 15:17:57 UTC] WordPress database error You have an error in your SQL syntax; check the manual that corresponds to your MariaDB server version for the right syntax to use near ') ENGINE=InnoDB DEFAULT CHARSET=utf8' at line 4 for query CREATE TABLE IF NOT EXISTS wp_redirect_errors_wpbd (
            url VARCHAR(255) NOT NULL PRIMARY KEY,
            count BIGINT(20) UNSIGNED NOT NULL DEFAULT 0,
        ) ENGINE=InnoDB DEFAULT CHARSET=utf8 made by require_once('wp-load.php'), require_once('wp-config.php'), require_once('wp-settings.php'), include_once('/plugins/redirect-404/redirect.php'), Redirect->__construct, dbDelta
[18-Feb-2025 15:18:00 UTC] WordPress database error You have an error in your SQL syntax; check the manual that corresponds to your MariaDB server version for the right syntax to use near ') ENGINE=InnoDB DEFAULT CHARSET=utf8' at line 4 for query CREATE TABLE IF NOT EXISTS wp_redirect_errors_wpbd (
            url VARCHAR(255) NOT NULL PRIMARY KEY,
            count BIGINT(20) UNSIGNED NOT NULL DEFAULT 0,
        ) ENGINE=InnoDB DEFAULT CHARSET=utf8 made by require('wp-blog-header.php'), require_once('wp-load.php'), require_once('wp-config.php'), require_once('wp-settings.php'), include_once('/plugins/redirect-404/redirect.php'), Redirect->__construct, dbDelta
[18-Feb-2025 15:18:00 UTC] PHP Warning:  Undefined variable $redirect_errors in C:\xampp\htdocs\higorteste\wp-content\plugins\redirect-404\redirect.php on line 45
[18-Feb-2025 15:18:00 UTC] WordPress database error You have an error in your SQL syntax; check the manual that corresponds to your MariaDB server version for the right syntax to use near ') ENGINE=InnoDB DEFAULT CHARSET=utf8' at line 4 for query CREATE TABLE IF NOT EXISTS wp_redirect_errors_wpbd (
            url VARCHAR(255) NOT NULL PRIMARY KEY,
            count BIGINT(20) UNSIGNED NOT NULL DEFAULT 0,
        ) ENGINE=InnoDB DEFAULT CHARSET=utf8 made by require('wp-blog-header.php'), require_once('wp-load.php'), require_once('wp-config.php'), require_once('wp-settings.php'), include_once('/plugins/redirect-404/redirect.php'), Redirect->__construct, dbDelta
[18-Feb-2025 15:18:01 UTC] WordPress database error You have an error in your SQL syntax; check the manual that corresponds to your MariaDB server version for the right syntax to use near ') ENGINE=InnoDB DEFAULT CHARSET=utf8' at line 4 for query CREATE TABLE IF NOT EXISTS wp_redirect_errors_wpbd (
            url VARCHAR(255) NOT NULL PRIMARY KEY,
            count BIGINT(20) UNSIGNED NOT NULL DEFAULT 0,
        ) ENGINE=InnoDB DEFAULT CHARSET=utf8 made by require('wp-blog-header.php'), require_once('wp-load.php'), require_once('wp-config.php'), require_once('wp-settings.php'), include_once('/plugins/redirect-404/redirect.php'), Redirect->__construct, dbDelta
[18-Feb-2025 15:18:01 UTC] PHP Warning:  Undefined variable $img in C:\xampp\htdocs\higorteste\wp-content\themes\temateste\page-other.php on line 19
[18-Feb-2025 15:18:08 UTC] WordPress database error You have an error in your SQL syntax; check the manual that corresponds to your MariaDB server version for the right syntax to use near ') ENGINE=InnoDB DEFAULT CHARSET=utf8' at line 4 for query CREATE TABLE IF NOT EXISTS wp_redirect_errors_wpbd (
            url VARCHAR(255) NOT NULL PRIMARY KEY,
            count BIGINT(20) UNSIGNED NOT NULL DEFAULT 0,
        ) ENGINE=InnoDB DEFAULT CHARSET=utf8 made by require('wp-blog-header.php'), require_once('wp-load.php'), require_once('wp-config.php'), require_once('wp-settings.php'), include_once('/plugins/redirect-404/redirect.php'), Redirect->__construct, dbDelta
[18-Feb-2025 15:18:08 UTC] PHP Warning:  Undefined variable $redirect_errors in C:\xampp\htdocs\higorteste\wp-content\plugins\redirect-404\redirect.php on line 45
[18-Feb-2025 15:18:08 UTC] WordPress database error You have an error in your SQL syntax; check the manual that corresponds to your MariaDB server version for the right syntax to use near ') ENGINE=InnoDB DEFAULT CHARSET=utf8' at line 4 for query CREATE TABLE IF NOT EXISTS wp_redirect_errors_wpbd (
            url VARCHAR(255) NOT NULL PRIMARY KEY,
            count BIGINT(20) UNSIGNED NOT NULL DEFAULT 0,
        ) ENGINE=InnoDB DEFAULT CHARSET=utf8 made by require('wp-blog-header.php'), require_once('wp-load.php'), require_once('wp-config.php'), require_once('wp-settings.php'), include_once('/plugins/redirect-404/redirect.php'), Redirect->__construct, dbDelta
[18-Feb-2025 15:18:09 UTC] WordPress database error You have an error in your SQL syntax; check the manual that corresponds to your MariaDB server version for the right syntax to use near ') ENGINE=InnoDB DEFAULT CHARSET=utf8' at line 4 for query CREATE TABLE IF NOT EXISTS wp_redirect_errors_wpbd (
            url VARCHAR(255) NOT NULL PRIMARY KEY,
            count BIGINT(20) UNSIGNED NOT NULL DEFAULT 0,
        ) ENGINE=InnoDB DEFAULT CHARSET=utf8 made by require('wp-blog-header.php'), require_once('wp-load.php'), require_once('wp-config.php'), require_once('wp-settings.php'), include_once('/plugins/redirect-404/redirect.php'), Redirect->__construct, dbDelta
[18-Feb-2025 15:18:09 UTC] PHP Warning:  Undefined variable $img in C:\xampp\htdocs\higorteste\wp-content\themes\temateste\page-other.php on line 19
[18-Feb-2025 15:18:35 UTC] WordPress database error You have an error in your SQL syntax; check the manual that corresponds to your MariaDB server version for the right syntax to use near ') ENGINE=InnoDB DEFAULT CHARSET=utf8' at line 4 for query CREATE TABLE IF NOT EXISTS wp_redirect_errors_wpbd (
            url VARCHAR(255) NOT NULL PRIMARY KEY,
            count BIGINT(20) UNSIGNED NOT NULL DEFAULT 0,
        ) ENGINE=InnoDB DEFAULT CHARSET=utf8 made by require('wp-blog-header.php'), require_once('wp-load.php'), require_once('wp-config.php'), require_once('wp-settings.php'), include_once('/plugins/redirect-404/redirect.php'), Redirect->__construct, dbDelta
[18-Feb-2025 15:18:35 UTC] PHP Warning:  Undefined variable $linha in C:\xampp\htdocs\higorteste\wp-content\plugins\redirect-404\redirect.php on line 50
[18-Feb-2025 15:18:35 UTC] PHP Warning:  Trying to access array offset on value of type null in C:\xampp\htdocs\higorteste\wp-content\plugins\redirect-404\redirect.php on line 50
[18-Feb-2025 15:18:35 UTC] PHP Fatal error:  Uncaught Error: Undefined constant "url_erro" in C:\xampp\htdocs\higorteste\wp-content\plugins\redirect-404\redirect.php:51
Stack trace:
#0 C:\xampp\htdocs\higorteste\wp-includes\class-wp-hook.php(324): Redirect->handle_redirect('')
#1 C:\xampp\htdocs\higorteste\wp-includes\class-wp-hook.php(348): WP_Hook->apply_filters(NULL, Array)
#2 C:\xampp\htdocs\higorteste\wp-includes\plugin.php(517): WP_Hook->do_action(Array)
#3 C:\xampp\htdocs\higorteste\wp-includes\template-loader.php(13): do_action('template_redire...')
#4 C:\xampp\htdocs\higorteste\wp-blog-header.php(19): require_once('C:\\xampp\\htdocs...')
#5 C:\xampp\htdocs\higorteste\index.php(17): require('C:\\xampp\\htdocs...')
#6 {main}
  thrown in C:\xampp\htdocs\higorteste\wp-content\plugins\redirect-404\redirect.php on line 51
[18-Feb-2025 15:18:39 UTC] WordPress database error You have an error in your SQL syntax; check the manual that corresponds to your MariaDB server version for the right syntax to use near ') ENGINE=InnoDB DEFAULT CHARSET=utf8' at line 4 for query CREATE TABLE IF NOT EXISTS wp_redirect_errors_wpbd (
            url VARCHAR(255) NOT NULL PRIMARY KEY,
            count BIGINT(20) UNSIGNED NOT NULL DEFAULT 0,
        ) ENGINE=InnoDB DEFAULT CHARSET=utf8 made by require_once('wp-load.php'), require_once('wp-config.php'), require_once('wp-settings.php'), include_once('/plugins/redirect-404/redirect.php'), Redirect->__construct, dbDelta
[18-Feb-2025 15:18:40 UTC] WordPress database error Table 'higorteste.wp_redirect_errors_wpbd' doesn't exist for query SELECT * FROM wp_redirect_errors_wpbd made by do_action('toplevel_page_redirect_404_settings'), WP_Hook->do_action, WP_Hook->apply_filters, Redirect->pagina_configuracoes
[18-Feb-2025 15:19:40 UTC] WordPress database error You have an error in your SQL syntax; check the manual that corresponds to your MariaDB server version for the right syntax to use near ') ENGINE=InnoDB DEFAULT CHARSET=utf8' at line 4 for query CREATE TABLE IF NOT EXISTS wp_redirect_errors_wpbd (
            url VARCHAR(255) NOT NULL PRIMARY KEY,
            count BIGINT(20) UNSIGNED NOT NULL DEFAULT 0,
        ) ENGINE=InnoDB DEFAULT CHARSET=utf8 made by require_once('wp-load.php'), require_once('wp-config.php'), require_once('wp-settings.php'), include_once('/plugins/redirect-404/redirect.php'), Redirect->__construct, dbDelta
[18-Feb-2025 15:20:18 UTC] WordPress database error You have an error in your SQL syntax; check the manual that corresponds to your MariaDB server version for the right syntax to use near ') ENGINE=InnoDB DEFAULT CHARSET=utf8' at line 4 for query CREATE TABLE IF NOT EXISTS wp_redirect_errors_wpbd (
            url VARCHAR(255) NOT NULL PRIMARY KEY,
            count BIGINT(20) UNSIGNED NOT NULL DEFAULT 0,
        ) ENGINE=InnoDB DEFAULT CHARSET=utf8 made by require('wp-blog-header.php'), require_once('wp-load.php'), require_once('wp-config.php'), require_once('wp-settings.php'), include_once('/plugins/redirect-404/redirect.php'), Redirect->__construct, dbDelta
[18-Feb-2025 15:20:18 UTC] WordPress database error You have an error in your SQL syntax; check the manual that corresponds to your MariaDB server version for the right syntax to use near ') ENGINE=InnoDB DEFAULT CHARSET=utf8' at line 4 for query CREATE TABLE IF NOT EXISTS wp_redirect_errors_wpbd (
            url VARCHAR(255) NOT NULL PRIMARY KEY,
            count BIGINT(20) UNSIGNED NOT NULL DEFAULT 0,
        ) ENGINE=InnoDB DEFAULT CHARSET=utf8 made by require_once('wp-load.php'), require_once('wp-config.php'), require_once('wp-settings.php'), include_once('/plugins/redirect-404/redirect.php'), Redirect->__construct, dbDelta
[18-Feb-2025 15:20:19 UTC] PHP Warning:  Undefined variable $linha in C:\xampp\htdocs\higorteste\wp-content\plugins\redirect-404\redirect.php on line 50
[18-Feb-2025 15:20:19 UTC] PHP Warning:  Trying to access array offset on value of type null in C:\xampp\htdocs\higorteste\wp-content\plugins\redirect-404\redirect.php on line 50
[18-Feb-2025 15:20:19 UTC] WordPress database error Table 'higorteste.wp_redirect_errors_wpbd' doesn't exist for query SHOW FULL COLUMNS FROM `wp_redirect_errors_wpbd` made by require('wp-blog-header.php'), require_once('wp-includes/template-loader.php'), do_action('template_redirect'), WP_Hook->do_action, WP_Hook->apply_filters, Redirect->handle_redirect
[18-Feb-2025 15:20:19 UTC] WordPress database error Table 'higorteste.wp_redirect_errors_wpbd' doesn't exist for query SHOW FULL COLUMNS FROM `wp_redirect_errors_wpbd` made by require('wp-blog-header.php'), require_once('wp-includes/template-loader.php'), do_action('template_redirect'), WP_Hook->do_action, WP_Hook->apply_filters, Redirect->handle_redirect
[18-Feb-2025 15:20:19 UTC] PHP Warning:  Undefined variable $redirect_errors in C:\xampp\htdocs\higorteste\wp-content\plugins\redirect-404\redirect.php on line 68
[18-Feb-2025 15:20:19 UTC] WordPress database error You have an error in your SQL syntax; check the manual that corresponds to your MariaDB server version for the right syntax to use near ') ENGINE=InnoDB DEFAULT CHARSET=utf8' at line 4 for query CREATE TABLE IF NOT EXISTS wp_redirect_errors_wpbd (
            url VARCHAR(255) NOT NULL PRIMARY KEY,
            count BIGINT(20) UNSIGNED NOT NULL DEFAULT 0,
        ) ENGINE=InnoDB DEFAULT CHARSET=utf8 made by require('wp-blog-header.php'), require_once('wp-load.php'), require_once('wp-config.php'), require_once('wp-settings.php'), include_once('/plugins/redirect-404/redirect.php'), Redirect->__construct, dbDelta
[18-Feb-2025 15:20:20 UTC] WordPress database error You have an error in your SQL syntax; check the manual that corresponds to your MariaDB server version for the right syntax to use near ') ENGINE=InnoDB DEFAULT CHARSET=utf8' at line 4 for query CREATE TABLE IF NOT EXISTS wp_redirect_errors_wpbd (
            url VARCHAR(255) NOT NULL PRIMARY KEY,
            count BIGINT(20) UNSIGNED NOT NULL DEFAULT 0,
        ) ENGINE=InnoDB DEFAULT CHARSET=utf8 made by require('wp-blog-header.php'), require_once('wp-load.php'), require_once('wp-config.php'), require_once('wp-settings.php'), include_once('/plugins/redirect-404/redirect.php'), Redirect->__construct, dbDelta
[18-Feb-2025 15:20:20 UTC] PHP Warning:  Undefined variable $img in C:\xampp\htdocs\higorteste\wp-content\themes\temateste\page-other.php on line 19
[18-Feb-2025 15:20:23 UTC] WordPress database error You have an error in your SQL syntax; check the manual that corresponds to your MariaDB server version for the right syntax to use near ') ENGINE=InnoDB DEFAULT CHARSET=utf8' at line 4 for query CREATE TABLE IF NOT EXISTS wp_redirect_errors_wpbd (
            url VARCHAR(255) NOT NULL PRIMARY KEY,
            count BIGINT(20) UNSIGNED NOT NULL DEFAULT 0,
        ) ENGINE=InnoDB DEFAULT CHARSET=utf8 made by require_once('wp-load.php'), require_once('wp-config.php'), require_once('wp-settings.php'), include_once('/plugins/redirect-404/redirect.php'), Redirect->__construct, dbDelta
[18-Feb-2025 15:20:23 UTC] WordPress database error Table 'higorteste.wp_redirect_errors_wpbd' doesn't exist for query SELECT * FROM wp_redirect_errors_wpbd made by do_action('toplevel_page_redirect_404_settings'), WP_Hook->do_action, WP_Hook->apply_filters, Redirect->pagina_configuracoes
[18-Feb-2025 15:20:31 UTC] WordPress database error You have an error in your SQL syntax; check the manual that corresponds to your MariaDB server version for the right syntax to use near ') ENGINE=InnoDB DEFAULT CHARSET=utf8' at line 4 for query CREATE TABLE IF NOT EXISTS wp_redirect_errors_wpbd (
            url VARCHAR(255) NOT NULL PRIMARY KEY,
            count BIGINT(20) UNSIGNED NOT NULL DEFAULT 0,
        ) ENGINE=InnoDB DEFAULT CHARSET=utf8 made by require('wp-blog-header.php'), require_once('wp-load.php'), require_once('wp-config.php'), require_once('wp-settings.php'), include_once('/plugins/redirect-404/redirect.php'), Redirect->__construct, dbDelta
[18-Feb-2025 15:20:31 UTC] PHP Warning:  Undefined variable $linha in C:\xampp\htdocs\higorteste\wp-content\plugins\redirect-404\redirect.php on line 50
[18-Feb-2025 15:20:31 UTC] PHP Warning:  Trying to access array offset on value of type null in C:\xampp\htdocs\higorteste\wp-content\plugins\redirect-404\redirect.php on line 50
[18-Feb-2025 15:20:31 UTC] WordPress database error Table 'higorteste.wp_redirect_errors_wpbd' doesn't exist for query SHOW FULL COLUMNS FROM `wp_redirect_errors_wpbd` made by require('wp-blog-header.php'), require_once('wp-includes/template-loader.php'), do_action('template_redirect'), WP_Hook->do_action, WP_Hook->apply_filters, Redirect->handle_redirect
[18-Feb-2025 15:20:31 UTC] WordPress database error Table 'higorteste.wp_redirect_errors_wpbd' doesn't exist for query SHOW FULL COLUMNS FROM `wp_redirect_errors_wpbd` made by require('wp-blog-header.php'), require_once('wp-includes/template-loader.php'), do_action('template_redirect'), WP_Hook->do_action, WP_Hook->apply_filters, Redirect->handle_redirect
[18-Feb-2025 15:20:31 UTC] PHP Warning:  Undefined variable $redirect_errors in C:\xampp\htdocs\higorteste\wp-content\plugins\redirect-404\redirect.php on line 68
[18-Feb-2025 15:20:31 UTC] WordPress database error You have an error in your SQL syntax; check the manual that corresponds to your MariaDB server version for the right syntax to use near ') ENGINE=InnoDB DEFAULT CHARSET=utf8' at line 4 for query CREATE TABLE IF NOT EXISTS wp_redirect_errors_wpbd (
            url VARCHAR(255) NOT NULL PRIMARY KEY,
            count BIGINT(20) UNSIGNED NOT NULL DEFAULT 0,
        ) ENGINE=InnoDB DEFAULT CHARSET=utf8 made by require('wp-blog-header.php'), require_once('wp-load.php'), require_once('wp-config.php'), require_once('wp-settings.php'), include_once('/plugins/redirect-404/redirect.php'), Redirect->__construct, dbDelta
[18-Feb-2025 15:20:32 UTC] WordPress database error You have an error in your SQL syntax; check the manual that corresponds to your MariaDB server version for the right syntax to use near ') ENGINE=InnoDB DEFAULT CHARSET=utf8' at line 4 for query CREATE TABLE IF NOT EXISTS wp_redirect_errors_wpbd (
            url VARCHAR(255) NOT NULL PRIMARY KEY,
            count BIGINT(20) UNSIGNED NOT NULL DEFAULT 0,
        ) ENGINE=InnoDB DEFAULT CHARSET=utf8 made by require('wp-blog-header.php'), require_once('wp-load.php'), require_once('wp-config.php'), require_once('wp-settings.php'), include_once('/plugins/redirect-404/redirect.php'), Redirect->__construct, dbDelta
[18-Feb-2025 15:20:32 UTC] PHP Warning:  Undefined variable $img in C:\xampp\htdocs\higorteste\wp-content\themes\temateste\page-other.php on line 19
[18-Feb-2025 15:20:34 UTC] WordPress database error You have an error in your SQL syntax; check the manual that corresponds to your MariaDB server version for the right syntax to use near ') ENGINE=InnoDB DEFAULT CHARSET=utf8' at line 4 for query CREATE TABLE IF NOT EXISTS wp_redirect_errors_wpbd (
            url VARCHAR(255) NOT NULL PRIMARY KEY,
            count BIGINT(20) UNSIGNED NOT NULL DEFAULT 0,
        ) ENGINE=InnoDB DEFAULT CHARSET=utf8 made by require_once('wp-load.php'), require_once('wp-config.php'), require_once('wp-settings.php'), include_once('/plugins/redirect-404/redirect.php'), Redirect->__construct, dbDelta
[18-Feb-2025 15:20:35 UTC] WordPress database error You have an error in your SQL syntax; check the manual that corresponds to your MariaDB server version for the right syntax to use near ') ENGINE=InnoDB DEFAULT CHARSET=utf8' at line 4 for query CREATE TABLE IF NOT EXISTS wp_redirect_errors_wpbd (
            url VARCHAR(255) NOT NULL PRIMARY KEY,
            count BIGINT(20) UNSIGNED NOT NULL DEFAULT 0,
        ) ENGINE=InnoDB DEFAULT CHARSET=utf8 made by require_once('wp-load.php'), require_once('wp-config.php'), require_once('wp-settings.php'), include_once('/plugins/redirect-404/redirect.php'), Redirect->__construct, dbDelta
[18-Feb-2025 15:20:35 UTC] WordPress database error Table 'higorteste.wp_redirect_errors_wpbd' doesn't exist for query SELECT * FROM wp_redirect_errors_wpbd made by do_action('toplevel_page_redirect_404_settings'), WP_Hook->do_action, WP_Hook->apply_filters, Redirect->pagina_configuracoes
[18-Feb-2025 15:21:36 UTC] WordPress database error You have an error in your SQL syntax; check the manual that corresponds to your MariaDB server version for the right syntax to use near ') ENGINE=InnoDB DEFAULT CHARSET=utf8' at line 4 for query CREATE TABLE IF NOT EXISTS wp_redirect_errors_wpbd (
            url VARCHAR(255) NOT NULL PRIMARY KEY,
            count BIGINT(20) UNSIGNED NOT NULL DEFAULT 0,
        ) ENGINE=InnoDB DEFAULT CHARSET=utf8 made by require_once('wp-load.php'), require_once('wp-config.php'), require_once('wp-settings.php'), include_once('/plugins/redirect-404/redirect.php'), Redirect->__construct, dbDelta
[18-Feb-2025 15:23:37 UTC] WordPress database error You have an error in your SQL syntax; check the manual that corresponds to your MariaDB server version for the right syntax to use near ') ENGINE=InnoDB DEFAULT CHARSET=utf8' at line 4 for query CREATE TABLE IF NOT EXISTS wp_redirect_errors_wpbd (
            url VARCHAR(255) NOT NULL PRIMARY KEY,
            count BIGINT(20) UNSIGNED NOT NULL DEFAULT 0,
        ) ENGINE=InnoDB DEFAULT CHARSET=utf8 made by require_once('wp-load.php'), require_once('wp-config.php'), require_once('wp-settings.php'), include_once('/plugins/redirect-404/redirect.php'), Redirect->__construct, dbDelta
[18-Feb-2025 15:23:38 UTC] WordPress database error You have an error in your SQL syntax; check the manual that corresponds to your MariaDB server version for the right syntax to use near ') ENGINE=InnoDB DEFAULT CHARSET=utf8' at line 4 for query CREATE TABLE IF NOT EXISTS wp_redirect_errors_wpbd (
            url VARCHAR(255) NOT NULL PRIMARY KEY,
            count BIGINT(20) UNSIGNED NOT NULL DEFAULT 0,
        ) ENGINE=InnoDB DEFAULT CHARSET=utf8 made by require_once('wp-load.php'), require_once('wp-config.php'), require_once('wp-settings.php'), include_once('/plugins/redirect-404/redirect.php'), Redirect->__construct, dbDelta
[18-Feb-2025 15:24:54 UTC] WordPress database error You have an error in your SQL syntax; check the manual that corresponds to your MariaDB server version for the right syntax to use near ') ENGINE=InnoDB DEFAULT CHARSET=utf8' at line 4 for query CREATE TABLE IF NOT EXISTS wp_redirect_errors_wpbd (
            url VARCHAR(255) NOT NULL PRIMARY KEY,
            count BIGINT(20) UNSIGNED NOT NULL DEFAULT 0,
        ) ENGINE=InnoDB DEFAULT CHARSET=utf8 made by require_once('wp-load.php'), require_once('wp-config.php'), require_once('wp-settings.php'), include_once('/plugins/redirect-404/redirect.php'), Redirect->__construct, dbDelta
[18-Feb-2025 15:25:23 UTC] WordPress database error You have an error in your SQL syntax; check the manual that corresponds to your MariaDB server version for the right syntax to use near ') ENGINE=InnoDB DEFAULT CHARSET=utf8' at line 4 for query CREATE TABLE IF NOT EXISTS wp_redirect_errors_wpbd (
            url VARCHAR(255) NOT NULL PRIMARY KEY,
            count BIGINT(20) UNSIGNED NOT NULL DEFAULT 0,
        ) ENGINE=InnoDB DEFAULT CHARSET=utf8 made by require_once('wp-load.php'), require_once('wp-config.php'), require_once('wp-settings.php'), include_once('/plugins/redirect-404/redirect.php'), Redirect->__construct, dbDelta
[18-Feb-2025 15:25:23 UTC] WordPress database error Table 'higorteste.wp_redirect_errors_wpbd' doesn't exist for query SELECT * FROM wp_redirect_errors_wpbd made by do_action('toplevel_page_redirect_404_settings'), WP_Hook->do_action, WP_Hook->apply_filters, Redirect->pagina_configuracoes
[18-Feb-2025 15:25:41 UTC] WordPress database error You have an error in your SQL syntax; check the manual that corresponds to your MariaDB server version for the right syntax to use near ') ENGINE=InnoDB DEFAULT CHARSET=utf8' at line 4 for query CREATE TABLE IF NOT EXISTS wp_redirect_errors_wpbd (
            url VARCHAR(255) NOT NULL PRIMARY KEY,
            count BIGINT(20) UNSIGNED NOT NULL DEFAULT 0,
        ) ENGINE=InnoDB DEFAULT CHARSET=utf8 made by require('wp-blog-header.php'), require_once('wp-load.php'), require_once('wp-config.php'), require_once('wp-settings.php'), include_once('/plugins/redirect-404/redirect.php'), Redirect->__construct, dbDelta
[18-Feb-2025 15:25:42 UTC] PHP Warning:  Undefined variable $linha in C:\xampp\htdocs\higorteste\wp-content\plugins\redirect-404\redirect.php on line 50
[18-Feb-2025 15:25:42 UTC] PHP Warning:  Trying to access array offset on value of type null in C:\xampp\htdocs\higorteste\wp-content\plugins\redirect-404\redirect.php on line 50
[18-Feb-2025 15:25:42 UTC] WordPress database error Table 'higorteste.wp_redirect_errors_wpbd' doesn't exist for query SHOW FULL COLUMNS FROM `wp_redirect_errors_wpbd` made by require('wp-blog-header.php'), require_once('wp-includes/template-loader.php'), do_action('template_redirect'), WP_Hook->do_action, WP_Hook->apply_filters, Redirect->handle_redirect
[18-Feb-2025 15:25:42 UTC] WordPress database error Table 'higorteste.wp_redirect_errors_wpbd' doesn't exist for query SHOW FULL COLUMNS FROM `wp_redirect_errors_wpbd` made by require('wp-blog-header.php'), require_once('wp-includes/template-loader.php'), do_action('template_redirect'), WP_Hook->do_action, WP_Hook->apply_filters, Redirect->handle_redirect
[18-Feb-2025 15:25:42 UTC] PHP Warning:  Undefined variable $redirect_errors in C:\xampp\htdocs\higorteste\wp-content\plugins\redirect-404\redirect.php on line 68
[18-Feb-2025 15:25:42 UTC] WordPress database error You have an error in your SQL syntax; check the manual that corresponds to your MariaDB server version for the right syntax to use near ') ENGINE=InnoDB DEFAULT CHARSET=utf8' at line 4 for query CREATE TABLE IF NOT EXISTS wp_redirect_errors_wpbd (
            url VARCHAR(255) NOT NULL PRIMARY KEY,
            count BIGINT(20) UNSIGNED NOT NULL DEFAULT 0,
        ) ENGINE=InnoDB DEFAULT CHARSET=utf8 made by require('wp-blog-header.php'), require_once('wp-load.php'), require_once('wp-config.php'), require_once('wp-settings.php'), include_once('/plugins/redirect-404/redirect.php'), Redirect->__construct, dbDelta
[18-Feb-2025 15:25:43 UTC] WordPress database error You have an error in your SQL syntax; check the manual that corresponds to your MariaDB server version for the right syntax to use near ') ENGINE=InnoDB DEFAULT CHARSET=utf8' at line 4 for query CREATE TABLE IF NOT EXISTS wp_redirect_errors_wpbd (
            url VARCHAR(255) NOT NULL PRIMARY KEY,
            count BIGINT(20) UNSIGNED NOT NULL DEFAULT 0,
        ) ENGINE=InnoDB DEFAULT CHARSET=utf8 made by require('wp-blog-header.php'), require_once('wp-load.php'), require_once('wp-config.php'), require_once('wp-settings.php'), include_once('/plugins/redirect-404/redirect.php'), Redirect->__construct, dbDelta
[18-Feb-2025 15:25:43 UTC] PHP Warning:  Undefined variable $img in C:\xampp\htdocs\higorteste\wp-content\themes\temateste\page-other.php on line 19
[18-Feb-2025 15:25:45 UTC] WordPress database error You have an error in your SQL syntax; check the manual that corresponds to your MariaDB server version for the right syntax to use near ') ENGINE=InnoDB DEFAULT CHARSET=utf8' at line 4 for query CREATE TABLE IF NOT EXISTS wp_redirect_errors_wpbd (
            url VARCHAR(255) NOT NULL PRIMARY KEY,
            count BIGINT(20) UNSIGNED NOT NULL DEFAULT 0,
        ) ENGINE=InnoDB DEFAULT CHARSET=utf8 made by require('wp-blog-header.php'), require_once('wp-load.php'), require_once('wp-config.php'), require_once('wp-settings.php'), include_once('/plugins/redirect-404/redirect.php'), Redirect->__construct, dbDelta
[18-Feb-2025 15:25:49 UTC] WordPress database error You have an error in your SQL syntax; check the manual that corresponds to your MariaDB server version for the right syntax to use near ') ENGINE=InnoDB DEFAULT CHARSET=utf8' at line 4 for query CREATE TABLE IF NOT EXISTS wp_redirect_errors_wpbd (
            url VARCHAR(255) NOT NULL PRIMARY KEY,
            count BIGINT(20) UNSIGNED NOT NULL DEFAULT 0,
        ) ENGINE=InnoDB DEFAULT CHARSET=utf8 made by require('wp-blog-header.php'), require_once('wp-load.php'), require_once('wp-config.php'), require_once('wp-settings.php'), include_once('/plugins/redirect-404/redirect.php'), Redirect->__construct, dbDelta
[18-Feb-2025 15:25:52 UTC] WordPress database error You have an error in your SQL syntax; check the manual that corresponds to your MariaDB server version for the right syntax to use near ') ENGINE=InnoDB DEFAULT CHARSET=utf8' at line 4 for query CREATE TABLE IF NOT EXISTS wp_redirect_errors_wpbd (
            url VARCHAR(255) NOT NULL PRIMARY KEY,
            count BIGINT(20) UNSIGNED NOT NULL DEFAULT 0,
        ) ENGINE=InnoDB DEFAULT CHARSET=utf8 made by require('wp-blog-header.php'), require_once('wp-load.php'), require_once('wp-config.php'), require_once('wp-settings.php'), include_once('/plugins/redirect-404/redirect.php'), Redirect->__construct, dbDelta
[18-Feb-2025 15:25:52 UTC] PHP Warning:  Undefined variable $linha in C:\xampp\htdocs\higorteste\wp-content\plugins\redirect-404\redirect.php on line 50
[18-Feb-2025 15:25:52 UTC] PHP Warning:  Trying to access array offset on value of type null in C:\xampp\htdocs\higorteste\wp-content\plugins\redirect-404\redirect.php on line 50
[18-Feb-2025 15:25:52 UTC] WordPress database error Table 'higorteste.wp_redirect_errors_wpbd' doesn't exist for query SHOW FULL COLUMNS FROM `wp_redirect_errors_wpbd` made by require('wp-blog-header.php'), require_once('wp-includes/template-loader.php'), do_action('template_redirect'), WP_Hook->do_action, WP_Hook->apply_filters, Redirect->handle_redirect
[18-Feb-2025 15:25:52 UTC] WordPress database error Table 'higorteste.wp_redirect_errors_wpbd' doesn't exist for query SHOW FULL COLUMNS FROM `wp_redirect_errors_wpbd` made by require('wp-blog-header.php'), require_once('wp-includes/template-loader.php'), do_action('template_redirect'), WP_Hook->do_action, WP_Hook->apply_filters, Redirect->handle_redirect
[18-Feb-2025 15:25:52 UTC] PHP Warning:  Undefined variable $redirect_errors in C:\xampp\htdocs\higorteste\wp-content\plugins\redirect-404\redirect.php on line 68
[18-Feb-2025 15:25:53 UTC] WordPress database error You have an error in your SQL syntax; check the manual that corresponds to your MariaDB server version for the right syntax to use near ') ENGINE=InnoDB DEFAULT CHARSET=utf8' at line 4 for query CREATE TABLE IF NOT EXISTS wp_redirect_errors_wpbd (
            url VARCHAR(255) NOT NULL PRIMARY KEY,
            count BIGINT(20) UNSIGNED NOT NULL DEFAULT 0,
        ) ENGINE=InnoDB DEFAULT CHARSET=utf8 made by require('wp-blog-header.php'), require_once('wp-load.php'), require_once('wp-config.php'), require_once('wp-settings.php'), include_once('/plugins/redirect-404/redirect.php'), Redirect->__construct, dbDelta
[18-Feb-2025 15:25:53 UTC] WordPress database error You have an error in your SQL syntax; check the manual that corresponds to your MariaDB server version for the right syntax to use near ') ENGINE=InnoDB DEFAULT CHARSET=utf8' at line 4 for query CREATE TABLE IF NOT EXISTS wp_redirect_errors_wpbd (
            url VARCHAR(255) NOT NULL PRIMARY KEY,
            count BIGINT(20) UNSIGNED NOT NULL DEFAULT 0,
        ) ENGINE=InnoDB DEFAULT CHARSET=utf8 made by require('wp-blog-header.php'), require_once('wp-load.php'), require_once('wp-config.php'), require_once('wp-settings.php'), include_once('/plugins/redirect-404/redirect.php'), Redirect->__construct, dbDelta
[18-Feb-2025 15:25:53 UTC] PHP Warning:  Undefined variable $img in C:\xampp\htdocs\higorteste\wp-content\themes\temateste\page-other.php on line 19
[18-Feb-2025 15:26:24 UTC] WordPress database error You have an error in your SQL syntax; check the manual that corresponds to your MariaDB server version for the right syntax to use near ') ENGINE=InnoDB DEFAULT CHARSET=utf8' at line 4 for query CREATE TABLE IF NOT EXISTS wp_redirect_errors_wpbd (
            url VARCHAR(255) NOT NULL PRIMARY KEY,
            count BIGINT(20) UNSIGNED NOT NULL DEFAULT 0,
        ) ENGINE=InnoDB DEFAULT CHARSET=utf8 made by require_once('wp-load.php'), require_once('wp-config.php'), require_once('wp-settings.php'), include_once('/plugins/redirect-404/redirect.php'), Redirect->__construct, dbDelta
[18-Feb-2025 15:28:25 UTC] WordPress database error You have an error in your SQL syntax; check the manual that corresponds to your MariaDB server version for the right syntax to use near ') ENGINE=InnoDB DEFAULT CHARSET=utf8' at line 4 for query CREATE TABLE IF NOT EXISTS wp_redirect_errors_wpbd (
            url VARCHAR(255) NOT NULL PRIMARY KEY,
            count BIGINT(20) UNSIGNED NOT NULL DEFAULT 0,
        ) ENGINE=InnoDB DEFAULT CHARSET=utf8 made by require_once('wp-load.php'), require_once('wp-config.php'), require_once('wp-settings.php'), include_once('/plugins/redirect-404/redirect.php'), Redirect->__construct, dbDelta
[18-Feb-2025 15:28:33 UTC] PHP Warning:  Undefined variable $img in C:\xampp\htdocs\higorteste\wp-content\themes\temateste\page-other.php on line 19
[18-Feb-2025 15:28:37 UTC] PHP Warning:  Undefined variable $linha in C:\xampp\htdocs\higorteste\wp-content\plugins\redirect-404\redirect.php on line 50
[18-Feb-2025 15:28:37 UTC] PHP Warning:  Trying to access array offset on value of type null in C:\xampp\htdocs\higorteste\wp-content\plugins\redirect-404\redirect.php on line 50
[18-Feb-2025 15:28:37 UTC] PHP Notice:  A função wpdb::prepare foi chamada <strong>incorrectamente</strong>. O argumento da consulta de wpdb::prepare() tem de ter um placeholder. Por favor veja <a href="https://developer.wordpress.org/advanced-administration/debug/debug-wordpress/">Depuração no WordPress</a> para mais informações. (Esta mensagem foi adicionada na versão 3.9.0.) in C:\xampp\htdocs\higorteste\wp-includes\functions.php on line 6114
[18-Feb-2025 15:28:37 UTC] PHP Notice:  A função wpdb::prepare foi chamada <strong>incorrectamente</strong>. A consulta não contém o número correcto de placeholders (0) para o número de argumentos passados (2). Por favor veja <a href="https://developer.wordpress.org/advanced-administration/debug/debug-wordpress/">Depuração no WordPress</a> para mais informações. (Esta mensagem foi adicionada na versão 4.8.3.) in C:\xampp\htdocs\higorteste\wp-includes\functions.php on line 6114
[18-Feb-2025 15:28:37 UTC] WordPress database error Unknown column '$s' in 'field list' for query INSERT INTO `wp_redirect_errors_wpbd` (`url`, `count`) VALUES ($s, $d) made by require('wp-blog-header.php'), require_once('wp-includes/template-loader.php'), do_action('template_redirect'), WP_Hook->do_action, WP_Hook->apply_filters, Redirect->handle_redirect
[18-Feb-2025 15:28:37 UTC] PHP Warning:  Undefined variable $redirect_errors in C:\xampp\htdocs\higorteste\wp-content\plugins\redirect-404\redirect.php on line 68
[18-Feb-2025 15:28:38 UTC] PHP Warning:  Undefined variable $img in C:\xampp\htdocs\higorteste\wp-content\themes\temateste\page-other.php on line 19
[18-Feb-2025 15:34:23 UTC] PHP Warning:  Undefined variable $img in C:\xampp\htdocs\higorteste\wp-content\themes\temateste\page-other.php on line 19
[18-Feb-2025 15:34:32 UTC] PHP Warning:  Undefined variable $redirect_errors in C:\xampp\htdocs\higorteste\wp-content\plugins\redirect-404\redirect.php on line 69
[18-Feb-2025 15:34:33 UTC] PHP Warning:  Undefined variable $img in C:\xampp\htdocs\higorteste\wp-content\themes\temateste\page-other.php on line 19
[18-Feb-2025 15:42:55 UTC] PHP Warning:  Undefined variable $img in C:\xampp\htdocs\higorteste\wp-content\themes\temateste\page-other.php on line 19
[18-Feb-2025 15:42:58 UTC] PHP Warning:  Undefined variable $redirect_errors in C:\xampp\htdocs\higorteste\wp-content\plugins\redirect-404\redirect.php on line 73
[18-Feb-2025 15:42:59 UTC] PHP Warning:  Undefined variable $img in C:\xampp\htdocs\higorteste\wp-content\themes\temateste\page-other.php on line 19
[18-Feb-2025 15:43:23 UTC] PHP Warning:  Undefined variable $redirect_errors in C:\xampp\htdocs\higorteste\wp-content\plugins\redirect-404\redirect.php on line 73
[18-Feb-2025 15:43:24 UTC] PHP Warning:  Undefined variable $img in C:\xampp\htdocs\higorteste\wp-content\themes\temateste\page-other.php on line 19
[18-Feb-2025 15:43:42 UTC] PHP Fatal error:  Uncaught TypeError: Cannot access offset of type string on string in C:\xampp\htdocs\higorteste\wp-content\plugins\redirect-404\redirect.php:57
Stack trace:
#0 C:\xampp\htdocs\higorteste\wp-includes\class-wp-hook.php(324): Redirect->handle_redirect('')
#1 C:\xampp\htdocs\higorteste\wp-includes\class-wp-hook.php(348): WP_Hook->apply_filters(NULL, Array)
#2 C:\xampp\htdocs\higorteste\wp-includes\plugin.php(517): WP_Hook->do_action(Array)
#3 C:\xampp\htdocs\higorteste\wp-includes\template-loader.php(13): do_action('template_redire...')
#4 C:\xampp\htdocs\higorteste\wp-blog-header.php(19): require_once('C:\\xampp\\htdocs...')
#5 C:\xampp\htdocs\higorteste\index.php(17): require('C:\\xampp\\htdocs...')
#6 {main}
  thrown in C:\xampp\htdocs\higorteste\wp-content\plugins\redirect-404\redirect.php on line 57
[18-Feb-2025 15:43:48 UTC] PHP Fatal error:  Uncaught TypeError: Cannot access offset of type string on string in C:\xampp\htdocs\higorteste\wp-content\plugins\redirect-404\redirect.php:57
Stack trace:
#0 C:\xampp\htdocs\higorteste\wp-includes\class-wp-hook.php(324): Redirect->handle_redirect('')
#1 C:\xampp\htdocs\higorteste\wp-includes\class-wp-hook.php(348): WP_Hook->apply_filters(NULL, Array)
#2 C:\xampp\htdocs\higorteste\wp-includes\plugin.php(517): WP_Hook->do_action(Array)
#3 C:\xampp\htdocs\higorteste\wp-includes\template-loader.php(13): do_action('template_redire...')
#4 C:\xampp\htdocs\higorteste\wp-blog-header.php(19): require_once('C:\\xampp\\htdocs...')
#5 C:\xampp\htdocs\higorteste\index.php(17): require('C:\\xampp\\htdocs...')
#6 {main}
  thrown in C:\xampp\htdocs\higorteste\wp-content\plugins\redirect-404\redirect.php on line 57
[18-Feb-2025 15:44:00 UTC] PHP Fatal error:  Uncaught TypeError: Cannot access offset of type string on string in C:\xampp\htdocs\higorteste\wp-content\plugins\redirect-404\redirect.php:57
Stack trace:
#0 C:\xampp\htdocs\higorteste\wp-includes\class-wp-hook.php(324): Redirect->handle_redirect('')
#1 C:\xampp\htdocs\higorteste\wp-includes\class-wp-hook.php(348): WP_Hook->apply_filters(NULL, Array)
#2 C:\xampp\htdocs\higorteste\wp-includes\plugin.php(517): WP_Hook->do_action(Array)
#3 C:\xampp\htdocs\higorteste\wp-includes\template-loader.php(13): do_action('template_redire...')
#4 C:\xampp\htdocs\higorteste\wp-blog-header.php(19): require_once('C:\\xampp\\htdocs...')
#5 C:\xampp\htdocs\higorteste\index.php(17): require('C:\\xampp\\htdocs...')
#6 {main}
  thrown in C:\xampp\htdocs\higorteste\wp-content\plugins\redirect-404\redirect.php on line 57
[18-Feb-2025 15:45:18 UTC] PHP Warning:  Undefined variable $img in C:\xampp\htdocs\higorteste\wp-content\themes\temateste\page-other.php on line 19
[18-Feb-2025 15:46:03 UTC] PHP Fatal error:  Uncaught TypeError: Cannot access offset of type string on string in C:\xampp\htdocs\higorteste\wp-content\plugins\redirect-404\redirect.php:53
Stack trace:
#0 C:\xampp\htdocs\higorteste\wp-includes\class-wp-hook.php(324): Redirect->handle_redirect('')
#1 C:\xampp\htdocs\higorteste\wp-includes\class-wp-hook.php(348): WP_Hook->apply_filters(NULL, Array)
#2 C:\xampp\htdocs\higorteste\wp-includes\plugin.php(517): WP_Hook->do_action(Array)
#3 C:\xampp\htdocs\higorteste\wp-includes\template-loader.php(13): do_action('template_redire...')
#4 C:\xampp\htdocs\higorteste\wp-blog-header.php(19): require_once('C:\\xampp\\htdocs...')
#5 C:\xampp\htdocs\higorteste\index.php(17): require('C:\\xampp\\htdocs...')
#6 {main}
  thrown in C:\xampp\htdocs\higorteste\wp-content\plugins\redirect-404\redirect.php on line 53
[18-Feb-2025 15:47:21 UTC] PHP Warning:  Undefined variable $img in C:\xampp\htdocs\higorteste\wp-content\themes\temateste\page-other.php on line 19
